Log file open, 02/14/23 09:44:50
LogWindows: Failed to load 'aqProf.dll' (GetLastError=126)
LogWindows: File 'aqProf.dll' does not exist
LogWindows: Failed to load 'VtuneApi.dll' (GetLastError=126)
LogWindows: File 'VtuneApi.dll' does not exist
LogWindows: Failed to load 'VtuneApi32e.dll' (GetLastError=126)
LogWindows: File 'VtuneApi32e.dll' does not exist
LogConsoleResponse: Display: Failed to find resolution value strings in scalability ini. Falling back to default.
LogConsoleResponse: Display: Failed to find resolution value strings in scalability ini. Falling back to default.
LogInit: Display: Running engine for game: FunctionLibrary
LogPlatformFile: Not using cached read wrapper
LogTaskGraph: Started task graph with 5 named threads and 14 total threads with 3 sets of task threads.
LogStats: Stats thread started at 0.881876
LogICUInternationalization: ICU TimeZone Detection - Raw Offset: +1:00, Platform Override: ''
LogInit: Display: Loading text-based GConfig....
LogPluginManager: Mounting plugin MeshPainting
LogPluginManager: Mounting plugin XGEController
LogPluginManager: Mounting plugin Paper2D
LogPluginManager: Mounting plugin LiveLink
LogPluginManager: Mounting plugin EnvironmentQueryEditor
LogPluginManager: Mounting plugin AISupport
LogPluginManager: Mounting plugin LightPropagationVolume
LogPluginManager: Mounting plugin CameraShakePreviewer
LogPluginManager: Mounting plugin GameplayCameras
LogPluginManager: Mounting plugin OodleData
LogPluginManager: Mounting plugin OodleNetwork
LogPluginManager: Mounting plugin AssetManagerEditor
LogPluginManager: Mounting plugin CryptoKeys
LogPluginManager: Mounting plugin CurveEditorTools
LogPluginManager: Mounting plugin DataValidation
LogPluginManager: Mounting plugin FacialAnimation
LogPluginManager: Mounting plugin GameplayTagsEditor
LogPluginManager: Mounting plugin GeometryMode
LogPluginManager: Mounting plugin MacGraphicsSwitching
LogPluginManager: Mounting plugin MaterialAnalyzer
LogPluginManager: Mounting plugin MobileLauncherProfileWizard
LogPluginManager: Mounting plugin PluginBrowser
LogPluginManager: Mounting plugin SpeedTreeImporter
LogPluginManager: Mounting plugin DatasmithContent
LogPluginManager: Mounting plugin VariantManagerContent
LogPluginManager: Mounting plugin AlembicImporter
LogPluginManager: Mounting plugin AutomationUtils
LogPluginManager: Mounting plugin BackChannel
LogPluginManager: Mounting plugin ChaosCloth
LogPluginManager: Mounting plugin ChaosClothEditor
LogPluginManager: Mounting plugin ChaosEditor
LogPluginManager: Mounting plugin ChaosSolverPlugin
LogPluginManager: Mounting plugin ChaosNiagara
LogPluginManager: Mounting plugin CharacterAI
LogPluginManager: Mounting plugin GeometryCache
LogPluginManager: Mounting plugin GeometryCollectionPlugin
LogPluginManager: Mounting plugin GeometryProcessing
LogPluginManager: Mounting plugin OpenImageDenoise
LogPluginManager: Mounting plugin MotoSynth
LogPluginManager: Mounting plugin PlanarCut
LogPluginManager: Mounting plugin PlatformCrypto
LogPluginManager: Mounting plugin ProxyLODPlugin
LogPluginManager: Mounting plugin PythonScriptPlugin
LogPluginManager: Mounting plugin SkeletalReduction
LogPluginManager: Mounting plugin Niagara
LogPluginManager: Mounting plugin LuminPlatformFeatures
LogPluginManager: Mounting plugin MagicLeap
LogPluginManager: Mounting plugin MagicLeapLightEstimation
LogPluginManager: Mounting plugin MagicLeapMedia
LogPluginManager: Mounting plugin MagicLeapPassableWorld
LogPluginManager: Mounting plugin MLSDK
LogPluginManager: Mounting plugin AndroidMedia
LogPluginManager: Mounting plugin AvfMedia
LogPluginManager: Mounting plugin ImgMedia
LogPluginManager: Mounting plugin MediaCompositing
LogPluginManager: Mounting plugin MediaPlayerEditor
LogPluginManager: Mounting plugin WebMMedia
LogPluginManager: Mounting plugin WmfMedia
LogPluginManager: Mounting plugin TcpMessaging
LogPluginManager: Mounting plugin UdpMessaging
LogPluginManager: Mounting plugin ActorSequence
LogPluginManager: Mounting plugin LevelSequenceEditor
LogPluginManager: Mounting plugin MatineeToLevelSequence
LogPluginManager: Mounting plugin TemplateSequence
LogPluginManager: Mounting plugin OnlineSubsystem
LogPluginManager: Mounting plugin OnlineSubsystemNull
LogPluginManager: Mounting plugin OnlineSubsystemUtils
LogPluginManager: Mounting plugin LauncherChunkInstaller
LogPluginManager: Mounting plugin ActorLayerUtilities
LogPluginManager: Mounting plugin AndroidDeviceProfileSelector
LogPluginManager: Mounting plugin AndroidMoviePlayer
LogPluginManager: Mounting plugin AndroidPermission
LogPluginManager: Mounting plugin AppleImageUtils
LogPluginManager: Mounting plugin AppleMoviePlayer
LogPluginManager: Mounting plugin ArchVisCharacter
LogPluginManager: Mounting plugin AssetTags
LogPluginManager: Mounting plugin AudioSynesthesia
LogPluginManager: Mounting plugin AudioCapture
LogPluginManager: Mounting plugin CableComponent
LogPluginManager: Mounting plugin ChunkDownloader
LogPluginManager: Mounting plugin CustomMeshComponent
LogPluginManager: Mounting plugin EditableMesh
LogPluginManager: Mounting plugin ExampleDeviceProfileSelector
LogPluginManager: Mounting plugin GoogleCloudMessaging
LogPluginManager: Mounting plugin GooglePAD
LogPluginManager: Mounting plugin IOSDeviceProfileSelector
LogPluginManager: Mounting plugin LinuxDeviceProfileSelector
LogPluginManager: Mounting plugin LocationServicesBPLibrary
LogPluginManager: Mounting plugin MobilePatchingUtils
LogPluginManager: Mounting plugin OpenXR
LogPluginManager: Mounting plugin OpenXREyeTracker
LogPluginManager: Mounting plugin OpenXRHandTracking
LogPluginManager: Mounting plugin PhysXVehicles
LogPluginManager: Mounting plugin PostSplashScreen
LogPluginManager: Mounting plugin ProceduralMeshComponent
LogPluginManager: Mounting plugin PropertyAccessEditor
LogPluginManager: Mounting plugin RuntimePhysXCooking
LogPluginManager: Mounting plugin SignificanceManager
LogPluginManager: Mounting plugin SoundFields
LogPluginManager: Mounting plugin Synthesis
LogPluginManager: Mounting plugin WebMMoviePlayer
LogPluginManager: Mounting plugin WindowsMoviePlayer
LogPluginManager: Mounting plugin ScreenshotTools
LogPluginManager: Mounting plugin Takes
LogPluginManager: Mounting plugin AnimationSharing
LogPluginManager: Mounting plugin CLionSourceCodeAccess
LogPluginManager: Mounting plugin CodeLiteSourceCodeAccess
LogPluginManager: Mounting plugin GitSourceControl
LogPluginManager: Mounting plugin KDevelopSourceCodeAccess
LogPluginManager: Mounting plugin NullSourceCodeAccess
LogPluginManager: Mounting plugin PerforceSourceControl
LogPluginManager: Mounting plugin PixWinPlugin
LogPluginManager: Mounting plugin PlasticSourceControl
LogPluginManager: Mounting plugin PluginUtils
LogPluginManager: Mounting plugin PropertyAccessNode
LogPluginManager: Mounting plugin RiderSourceCodeAccess
LogPluginManager: Mounting plugin SubversionSourceControl
LogPluginManager: Mounting plugin TextureFormatOodle
LogPluginManager: Mounting plugin UObjectPlugin
LogPluginManager: Mounting plugin VisualStudioCodeSourceCodeAccess
LogPluginManager: Mounting plugin VisualStudioSourceCodeAccess
LogPluginManager: Mounting plugin XCodeSourceCodeAccess
LogPluginManager: Mounting plugin ContentBrowserAssetDataSource
LogPluginManager: Mounting plugin ContentBrowserClassDataSource
LogPluginManager: Mounting plugin ContentBrowserFileDataSource
LogPluginManager: Mounting plugin OnlineSubsystemGooglePlay
LogPluginManager: Mounting plugin OnlineSubsystemIOS
LogPluginManager: Mounting plugin OculusVR
LogPluginManager: Mounting plugin SteamVR
LogInit: Using libcurl 7.55.1-DEV
LogInit:  - built for x86_64-pc-win32
LogInit:  - supports SSL with OpenSSL/1.1.1
LogInit:  - supports HTTP deflate (compression) using libz 1.2.8
LogInit:  - other features:
LogInit:      CURL_VERSION_SSL
LogInit:      CURL_VERSION_LIBZ
LogInit:      CURL_VERSION_IPV6
LogInit:      CURL_VERSION_ASYNCHDNS
LogInit:      CURL_VERSION_LARGEFILE
LogInit:      CURL_VERSION_IDN
LogInit:  CurlRequestOptions (configurable via config and command line):
LogInit:  - bVerifyPeer = true  - Libcurl will verify peer certificate
LogInit:  - bUseHttpProxy = false  - Libcurl will NOT use HTTP proxy
LogInit:  - bDontReuseConnections = false  - Libcurl will reuse connections
LogInit:  - MaxHostConnections = 16  - Libcurl will limit the number of connections to a host
LogInit:  - LocalHostAddr = Default
LogInit:  - BufferSize = 65536
LogOnline: OSS: Creating online subsystem instance for: NULL
LogInit: WinSock: version 1.1 (2.2), MaxSocks=32767, MaxUdp=65467
LogOnline: OSS: TryLoadSubsystemAndSetDefault: Loaded subsystem for module [NULL]
PixWinPlugin: PIX capture plugin failed to initialize! Check that the process is launched from PIX.
LogInit: Build: ++UE4+Release-4.27-CL-18319896
LogInit: Engine Version: 4.27.2-18319896+++UE4+Release-4.27
LogInit: Compatible Engine Version: 4.27.0-17155196+++UE4+Release-4.27
LogInit: Net CL: 17155196
LogInit: OS: Windows 10 (Release 2009) (), CPU: Intel(R) Core(TM) i5-7400 CPU @ 3.00GHz, GPU: NVIDIA GeForce GTX 1060 3GB
LogInit: Compiled (64-bit): Nov 30 2021 07:12:08
LogInit: Compiled with Visual C++: 19.24.28315.00
LogInit: Build Configuration: Development
LogInit: Branch Name: ++UE4+Release-4.27
LogInit: Command Line:  "D:\Git Repository\UE_FunctionLibrary.Cpp\FunctionLibrary\FunctionLibrary.uproject" -run=VisualStudioTools -unattended -noshadercompile -noaudio -nullrhi -nocpuprofilertrace -nocrashreports -nosplash -output "C:\Users\Mustafa Bolat\AppData\Local\Temp\tmp1F50.tmp"
LogInit: Base Directory: D:/Development tools/UE_4.27/Engine/Binaries/Win64/
LogInit: Allocator: TBB
LogInit: Installed Engine Build: 1
LogDevObjectVersion: Number of dev versions registered: 29
LogDevObjectVersion:   Dev-Blueprints (B0D832E4-1F89-4F0D-ACCF-7EB736FD4AA2): 10
LogDevObjectVersion:   Dev-Build (E1C64328-A22C-4D53-A36C-8E866417BD8C): 0
LogDevObjectVersion:   Dev-Core (375EC13C-06E4-48FB-B500-84F0262A717E): 4
LogDevObjectVersion:   Dev-Editor (E4B068ED-F494-42E9-A231-DA0B2E46BB41): 40
LogDevObjectVersion:   Dev-Framework (CFFC743F-43B0-4480-9391-14DF171D2073): 37
LogDevObjectVersion:   Dev-Mobile (B02B49B5-BB20-44E9-A304-32B752E40360): 3
LogDevObjectVersion:   Dev-Networking (A4E4105C-59A1-49B5-A7C5-40C4547EDFEE): 0
LogDevObjectVersion:   Dev-Online (39C831C9-5AE6-47DC-9A44-9C173E1C8E7C): 0
LogDevObjectVersion:   Dev-Physics (78F01B33-EBEA-4F98-B9B4-84EACCB95AA2): 14
LogDevObjectVersion:   Dev-Platform (6631380F-2D4D-43E0-8009-CF276956A95A): 0
LogDevObjectVersion:   Dev-Rendering (12F88B9F-8875-4AFC-A67C-D90C383ABD29): 45
LogDevObjectVersion:   Dev-Sequencer (7B5AE74C-D270-4C10-A958-57980B212A5A): 13
LogDevObjectVersion:   Dev-VR (D7296918-1DD6-4BDD-9DE2-64A83CC13884): 3
LogDevObjectVersion:   Dev-LoadTimes (C2A15278-BFE7-4AFE-6C17-90FF531DF755): 1
LogDevObjectVersion:   Private-Geometry (6EACA3D4-40EC-4CC1-B786-8BED09428FC5): 3
LogDevObjectVersion:   Dev-AnimPhys (29E575DD-E0A3-4627-9D10-D276232CDCEA): 17
LogDevObjectVersion:   Dev-Anim (AF43A65D-7FD3-4947-9873-3E8ED9C1BB05): 15
LogDevObjectVersion:   Dev-ReflectionCapture (6B266CEC-1EC7-4B8F-A30B-E4D90942FC07): 1
LogDevObjectVersion:   Dev-Automation (0DF73D61-A23F-47EA-B727-89E90C41499A): 1
LogDevObjectVersion:   FortniteMain (601D1886-AC64-4F84-AA16-D3DE0DEAC7D6): 47
LogDevObjectVersion:   FortniteRelease (E7086368-6B23-4C58-8439-1B7016265E91): 1
LogDevObjectVersion:   Dev-Enterprise (9DFFBCD6-494F-0158-E221-12823C92A888): 10
LogDevObjectVersion:   Dev-Niagara (F2AED0AC-9AFE-416F-8664-AA7FFA26D6FC): 1
LogDevObjectVersion:   Dev-Destruction (174F1F0B-B4C6-45A5-B13F-2EE8D0FB917D): 10
LogDevObjectVersion:   Dev-Physics-Ext (35F94A83-E258-406C-A318-09F59610247C): 41
LogDevObjectVersion:   Dev-PhysicsMaterial-Chaos (B68FC16E-8B1B-42E2-B453-215C058844FE): 1
LogDevObjectVersion:   Dev-CineCamera (B2E18506-4273-CFC2-A54E-F4BB758BBA07): 1
LogDevObjectVersion:   Dev-VirtualProduction (64F58936-FD1B-42BA-BA96-7289D5D0FA4E): 1
LogDevObjectVersion:   Dev-MediaFramework (6F0ED827-A609-4895-9C91-998D90180EA4): 2
LogInit: Presizing for max 25165824 objects, including 0 objects not considered by GC, pre-allocating 0 bytes for permanent pool.
LogConfig: Applying CVar settings from Section [/Script/Engine.StreamingSettings] File [D:/Git Repository/UE_FunctionLibrary.Cpp/FunctionLibrary/Saved/Config/Windows/Engine.ini]
LogConfig: Setting CVar [[s.MinBulkDataSizeForAsyncLoading:131072]]
LogConfig: Setting CVar [[s.AsyncLoadingThreadEnabled:0]]
LogConfig: Setting CVar [[s.EventDrivenLoaderEnabled:1]]
LogConfig: Setting CVar [[s.WarnIfTimeLimitExceeded:0]]
LogConfig: Setting CVar [[s.TimeLimitExceededMultiplier:1.5]]
LogConfig: Setting CVar [[s.TimeLimitExceededMinTime:0.005]]
LogConfig: Setting CVar [[s.UseBackgroundLevelStreaming:1]]
LogConfig: Setting CVar [[s.PriorityAsyncLoadingExtraTime:15.0]]
LogConfig: Setting CVar [[s.LevelStreamingActorsUpdateTimeLimit:5.0]]
LogConfig: Setting CVar [[s.PriorityLevelStreamingActorsUpdateExtraTime:5.0]]
LogConfig: Setting CVar [[s.LevelStreamingComponentsRegistrationGranularity:10]]
LogConfig: Setting CVar [[s.UnregisterComponentsTimeLimit:1.0]]
LogConfig: Setting CVar [[s.LevelStreamingComponentsUnregistrationGranularity:5]]
LogConfig: Setting CVar [[s.FlushStreamingOnExit:1]]
LogInit: Object subsystem initialized
LogConfig: Setting CVar [[con.DebugEarlyDefault:1]]
LogConfig: Setting CVar [[r.setres:1280x720]]
[2023.02.14-08.44.51:716][  0]LogConfig: Setting CVar [[con.DebugEarlyDefault:1]]
[2023.02.14-08.44.51:716][  0]LogConfig: Setting CVar [[r.setres:1280x720]]
[2023.02.14-08.44.51:716][  0]LogConfig: Applying CVar settings from Section [/Script/Engine.RendererSettings] File [D:/Git Repository/UE_FunctionLibrary.Cpp/FunctionLibrary/Saved/Config/Windows/Engine.ini]
[2023.02.14-08.44.51:716][  0]LogConfig: Setting CVar [[r.GPUCrashDebugging:0]]
[2023.02.14-08.44.51:716][  0]LogConfig: Applying CVar settings from Section [/Script/Engine.RendererOverrideSettings] File [D:/Git Repository/UE_FunctionLibrary.Cpp/FunctionLibrary/Saved/Config/Windows/Engine.ini]
[2023.02.14-08.44.51:716][  0]LogConfig: Applying CVar settings from Section [/Script/Engine.StreamingSettings] File [D:/Git Repository/UE_FunctionLibrary.Cpp/FunctionLibrary/Saved/Config/Windows/Engine.ini]
[2023.02.14-08.44.51:716][  0]LogConfig: Setting CVar [[s.MinBulkDataSizeForAsyncLoading:131072]]
[2023.02.14-08.44.51:716][  0]LogConfig: Setting CVar [[s.AsyncLoadingThreadEnabled:0]]
[2023.02.14-08.44.51:716][  0]LogConfig: Setting CVar [[s.EventDrivenLoaderEnabled:1]]
[2023.02.14-08.44.51:716][  0]LogConfig: Setting CVar [[s.WarnIfTimeLimitExceeded:0]]
[2023.02.14-08.44.51:717][  0]LogConfig: Setting CVar [[s.TimeLimitExceededMultiplier:1.5]]
[2023.02.14-08.44.51:717][  0]LogConfig: Setting CVar [[s.TimeLimitExceededMinTime:0.005]]
[2023.02.14-08.44.51:717][  0]LogConfig: Setting CVar [[s.UseBackgroundLevelStreaming:1]]
[2023.02.14-08.44.51:717][  0]LogConfig: Setting CVar [[s.PriorityAsyncLoadingExtraTime:15.0]]
[2023.02.14-08.44.51:717][  0]LogConfig: Setting CVar [[s.LevelStreamingActorsUpdateTimeLimit:5.0]]
[2023.02.14-08.44.51:717][  0]LogConfig: Setting CVar [[s.PriorityLevelStreamingActorsUpdateExtraTime:5.0]]
[2023.02.14-08.44.51:717][  0]LogConfig: Setting CVar [[s.LevelStreamingComponentsRegistrationGranularity:10]]
[2023.02.14-08.44.51:717][  0]LogConfig: Setting CVar [[s.UnregisterComponentsTimeLimit:1.0]]
[2023.02.14-08.44.51:717][  0]LogConfig: Setting CVar [[s.LevelStreamingComponentsUnregistrationGranularity:5]]
[2023.02.14-08.44.51:717][  0]LogConfig: Setting CVar [[s.FlushStreamingOnExit:1]]
[2023.02.14-08.44.51:717][  0]LogConfig: Applying CVar settings from Section [/Script/Engine.GarbageCollectionSettings] File [D:/Git Repository/UE_FunctionLibrary.Cpp/FunctionLibrary/Saved/Config/Windows/Engine.ini]
[2023.02.14-08.44.51:717][  0]LogConfig: Setting CVar [[gc.MaxObjectsNotConsideredByGC:1]]
[2023.02.14-08.44.51:717][  0]LogConfig: Setting CVar [[gc.SizeOfPermanentObjectPool:0]]
[2023.02.14-08.44.51:717][  0]LogConfig: Setting CVar [[gc.FlushStreamingOnGC:0]]
[2023.02.14-08.44.51:717][  0]LogConfig: Setting CVar [[gc.NumRetriesBeforeForcingGC:10]]
[2023.02.14-08.44.51:717][  0]LogConfig: Setting CVar [[gc.AllowParallelGC:1]]
[2023.02.14-08.44.51:717][  0]LogConfig: Setting CVar [[gc.TimeBetweenPurgingPendingKillObjects:61.1]]
[2023.02.14-08.44.51:717][  0]LogConfig: Setting CVar [[gc.MaxObjectsInEditor:25165824]]
[2023.02.14-08.44.51:717][  0]LogConfig: Setting CVar [[gc.IncrementalBeginDestroyEnabled:1]]
[2023.02.14-08.44.51:717][  0]LogConfig: Setting CVar [[gc.CreateGCClusters:1]]
[2023.02.14-08.44.51:717][  0]LogConfig: Setting CVar [[gc.MinGCClusterSize:5]]
[2023.02.14-08.44.51:717][  0]LogConfig: Setting CVar [[gc.ActorClusteringEnabled:0]]
[2023.02.14-08.44.51:717][  0]LogConfig: Setting CVar [[gc.BlueprintClusteringEnabled:0]]
[2023.02.14-08.44.51:717][  0]LogConfig: Setting CVar [[gc.UseDisregardForGCOnDedicatedServers:0]]
[2023.02.14-08.44.51:717][  0]LogConfig: Setting CVar [[gc.MultithreadedDestructionEnabled:1]]
[2023.02.14-08.44.51:717][  0]LogConfig: Applying CVar settings from Section [/Script/Engine.NetworkSettings] File [D:/Git Repository/UE_FunctionLibrary.Cpp/FunctionLibrary/Saved/Config/Windows/Engine.ini]
[2023.02.14-08.44.51:717][  0]LogConfig: Applying CVar settings from Section [/Script/UnrealEd.CookerSettings] File [D:/Git Repository/UE_FunctionLibrary.Cpp/FunctionLibrary/Saved/Config/Windows/Engine.ini]
[2023.02.14-08.44.51:717][  0]LogConfig: Applying CVar settings from Section [ViewDistanceQuality@3] File [D:/Git Repository/UE_FunctionLibrary.Cpp/FunctionLibrary/Saved/Config/Windows/Scalability.ini]
[2023.02.14-08.44.51:717][  0]LogConfig: Setting CVar [[r.SkeletalMeshLODBias:0]]
[2023.02.14-08.44.51:717][  0]LogConfig: Setting CVar [[r.ViewDistanceScale:1.0]]
[2023.02.14-08.44.51:717][  0]LogConfig: Applying CVar settings from Section [AntiAliasingQuality@3] File [D:/Git Repository/UE_FunctionLibrary.Cpp/FunctionLibrary/Saved/Config/Windows/Scalability.ini]
[2023.02.14-08.44.51:717][  0]LogConfig: Setting CVar [[r.PostProcessAAQuality:4]]
[2023.02.14-08.44.51:717][  0]LogConfig: Applying CVar settings from Section [ShadowQuality@3] File [D:/Git Repository/UE_FunctionLibrary.Cpp/FunctionLibrary/Saved/Config/Windows/Scalability.ini]
[2023.02.14-08.44.51:717][  0]LogConfig: Setting CVar [[r.LightFunctionQuality:1]]
[2023.02.14-08.44.51:717][  0]LogConfig: Setting CVar [[r.ShadowQuality:5]]
[2023.02.14-08.44.51:717][  0]LogConfig: Setting CVar [[r.Shadow.CSM.MaxCascades:10]]
[2023.02.14-08.44.51:717][  0]LogConfig: Setting CVar [[r.Shadow.MaxResolution:2048]]
[2023.02.14-08.44.51:717][  0]LogConfig: Setting CVar [[r.Shadow.MaxCSMResolution:2048]]
[2023.02.14-08.44.51:717][  0]LogConfig: Setting CVar [[r.Shadow.RadiusThreshold:0.01]]
[2023.02.14-08.44.51:717][  0]LogConfig: Setting CVar [[r.Shadow.DistanceScale:1.0]]
[2023.02.14-08.44.51:717][  0]LogConfig: Setting CVar [[r.Shadow.CSM.TransitionScale:1.0]]
[2023.02.14-08.44.51:717][  0]LogConfig: Setting CVar [[r.Shadow.PreShadowResolutionFactor:1.0]]
[2023.02.14-08.44.51:717][  0]LogConfig: Setting CVar [[r.DistanceFieldShadowing:1]]
[2023.02.14-08.44.51:717][  0]LogConfig: Setting CVar [[r.DistanceFieldAO:1]]
[2023.02.14-08.44.51:717][  0]LogConfig: Setting CVar [[r.AOQuality:2]]
[2023.02.14-08.44.51:717][  0]LogConfig: Setting CVar [[r.VolumetricFog:1]]
[2023.02.14-08.44.51:717][  0]LogConfig: Setting CVar [[r.VolumetricFog.GridPixelSize:8]]
[2023.02.14-08.44.51:717][  0]LogConfig: Setting CVar [[r.VolumetricFog.GridSizeZ:128]]
[2023.02.14-08.44.51:717][  0]LogConfig: Setting CVar [[r.VolumetricFog.HistoryMissSupersampleCount:4]]
[2023.02.14-08.44.51:717][  0]LogConfig: Setting CVar [[r.LightMaxDrawDistanceScale:1]]
[2023.02.14-08.44.51:717][  0]LogConfig: Setting CVar [[r.CapsuleShadows:1]]
[2023.02.14-08.44.51:717][  0]LogConfig: Applying CVar settings from Section [PostProcessQuality@3] File [D:/Git Repository/UE_FunctionLibrary.Cpp/FunctionLibrary/Saved/Config/Windows/Scalability.ini]
[2023.02.14-08.44.51:717][  0]LogConfig: Setting CVar [[r.MotionBlurQuality:4]]
[2023.02.14-08.44.51:717][  0]LogConfig: Setting CVar [[r.AmbientOcclusionMipLevelFactor:0.4]]
[2023.02.14-08.44.51:717][  0]LogConfig: Setting CVar [[r.AmbientOcclusionMaxQuality:100]]
[2023.02.14-08.44.51:717][  0]LogConfig: Setting CVar [[r.AmbientOcclusionLevels:-1]]
[2023.02.14-08.44.51:717][  0]LogConfig: Setting CVar [[r.AmbientOcclusionRadiusScale:1.0]]
[2023.02.14-08.44.51:717][  0]LogConfig: Setting CVar [[r.DepthOfFieldQuality:2]]
[2023.02.14-08.44.51:717][  0]LogConfig: Setting CVar [[r.RenderTargetPoolMin:400]]
[2023.02.14-08.44.51:717][  0]LogConfig: Setting CVar [[r.LensFlareQuality:2]]
[2023.02.14-08.44.51:717][  0]LogConfig: Setting CVar [[r.SceneColorFringeQuality:1]]
[2023.02.14-08.44.51:717][  0]LogConfig: Setting CVar [[r.EyeAdaptationQuality:2]]
[2023.02.14-08.44.51:717][  0]LogConfig: Setting CVar [[r.BloomQuality:5]]
[2023.02.14-08.44.51:717][  0]LogConfig: Setting CVar [[r.FastBlurThreshold:100]]
[2023.02.14-08.44.51:718][  0]LogConfig: Setting CVar [[r.Upscale.Quality:3]]
[2023.02.14-08.44.51:718][  0]LogConfig: Setting CVar [[r.Tonemapper.GrainQuantization:1]]
[2023.02.14-08.44.51:718][  0]LogConfig: Setting CVar [[r.LightShaftQuality:1]]
[2023.02.14-08.44.51:718][  0]LogConfig: Setting CVar [[r.Filter.SizeScale:1]]
[2023.02.14-08.44.51:718][  0]LogConfig: Setting CVar [[r.Tonemapper.Quality:5]]
[2023.02.14-08.44.51:718][  0]LogConfig: Setting CVar [[r.DOF.Gather.AccumulatorQuality:1        ; higher gathering accumulator quality]]
[2023.02.14-08.44.51:718][  0]LogConfig: Setting CVar [[r.DOF.Gather.PostfilterMethod:1          ; Median3x3 postfilering method]]
[2023.02.14-08.44.51:718][  0]LogConfig: Setting CVar [[r.DOF.Gather.EnableBokehSettings:0       ; no bokeh simulation when gathering]]
[2023.02.14-08.44.51:718][  0]LogConfig: Setting CVar [[r.DOF.Gather.RingCount:4                 ; medium number of samples when gathering]]
[2023.02.14-08.44.51:718][  0]LogConfig: Setting CVar [[r.DOF.Scatter.ForegroundCompositing:1    ; additive foreground scattering]]
[2023.02.14-08.44.51:718][  0]LogConfig: Setting CVar [[r.DOF.Scatter.BackgroundCompositing:2    ; additive background scattering]]
[2023.02.14-08.44.51:718][  0]LogConfig: Setting CVar [[r.DOF.Scatter.EnableBokehSettings:1      ; bokeh simulation when scattering]]
[2023.02.14-08.44.51:718][  0]LogConfig: Setting CVar [[r.DOF.Scatter.MaxSpriteRatio:0.1         ; only a maximum of 10% of scattered bokeh]]
[2023.02.14-08.44.51:718][  0]LogConfig: Setting CVar [[r.DOF.Recombine.Quality:1                ; cheap slight out of focus]]
[2023.02.14-08.44.51:718][  0]LogConfig: Setting CVar [[r.DOF.Recombine.EnableBokehSettings:0    ; no bokeh simulation on slight out of focus]]
[2023.02.14-08.44.51:718][  0]LogConfig: Setting CVar [[r.DOF.TemporalAAQuality:1                ; more stable temporal accumulation]]
[2023.02.14-08.44.51:718][  0]LogConfig: Setting CVar [[r.DOF.Kernel.MaxForegroundRadius:0.025]]
[2023.02.14-08.44.51:718][  0]LogConfig: Setting CVar [[r.DOF.Kernel.MaxBackgroundRadius:0.025]]
[2023.02.14-08.44.51:718][  0]LogConfig: Applying CVar settings from Section [TextureQuality@3] File [D:/Git Repository/UE_FunctionLibrary.Cpp/FunctionLibrary/Saved/Config/Windows/Scalability.ini]
[2023.02.14-08.44.51:718][  0]LogConfig: Setting CVar [[r.Streaming.MipBias:0]]
[2023.02.14-08.44.51:718][  0]LogConfig: Setting CVar [[r.Streaming.AmortizeCPUToGPUCopy:0]]
[2023.02.14-08.44.51:718][  0]LogConfig: Setting CVar [[r.Streaming.MaxNumTexturesToStreamPerFrame:0]]
[2023.02.14-08.44.51:718][  0]LogConfig: Setting CVar [[r.Streaming.Boost:1]]
[2023.02.14-08.44.51:718][  0]LogConfig: Setting CVar [[r.MaxAnisotropy:8]]
[2023.02.14-08.44.51:718][  0]LogConfig: Setting CVar [[r.VT.MaxAnisotropy:8]]
[2023.02.14-08.44.51:718][  0]LogConfig: Setting CVar [[r.Streaming.LimitPoolSizeToVRAM:0]]
[2023.02.14-08.44.51:718][  0]LogConfig: Setting CVar [[r.Streaming.PoolSize:1000]]
[2023.02.14-08.44.51:718][  0]LogConfig: Setting CVar [[r.Streaming.MaxEffectiveScreenSize:0]]
[2023.02.14-08.44.51:718][  0]LogConfig: Applying CVar settings from Section [EffectsQuality@3] File [D:/Git Repository/UE_FunctionLibrary.Cpp/FunctionLibrary/Saved/Config/Windows/Scalability.ini]
[2023.02.14-08.44.51:718][  0]LogConfig: Setting CVar [[r.TranslucencyLightingVolumeDim:64]]
[2023.02.14-08.44.51:718][  0]LogConfig: Setting CVar [[r.RefractionQuality:2]]
[2023.02.14-08.44.51:718][  0]LogConfig: Setting CVar [[r.SSR.Quality:3]]
[2023.02.14-08.44.51:718][  0]LogConfig: Setting CVar [[r.SSR.HalfResSceneColor:0]]
[2023.02.14-08.44.51:718][  0]LogConfig: Setting CVar [[r.SceneColorFormat:4]]
[2023.02.14-08.44.51:718][  0]LogConfig: Setting CVar [[r.DetailMode:2]]
[2023.02.14-08.44.51:718][  0]LogConfig: Setting CVar [[r.TranslucencyVolumeBlur:1]]
[2023.02.14-08.44.51:718][  0]LogConfig: Setting CVar [[r.MaterialQualityLevel:1 ; High quality]]
[2023.02.14-08.44.51:718][  0]LogConfig: Setting CVar [[r.AnisotropicMaterials:1]]
[2023.02.14-08.44.51:718][  0]LogConfig: Setting CVar [[r.SSS.Scale:1]]
[2023.02.14-08.44.51:718][  0]LogConfig: Setting CVar [[r.SSS.SampleSet:2]]
[2023.02.14-08.44.51:718][  0]LogConfig: Setting CVar [[r.SSS.Quality:1]]
[2023.02.14-08.44.51:718][  0]LogConfig: Setting CVar [[r.SSS.HalfRes:0]]
[2023.02.14-08.44.51:718][  0]LogConfig: Setting CVar [[r.SSGI.Quality:3]]
[2023.02.14-08.44.51:718][  0]LogConfig: Setting CVar [[r.EmitterSpawnRateScale:1.0]]
[2023.02.14-08.44.51:718][  0]LogConfig: Setting CVar [[r.ParticleLightQuality:2]]
[2023.02.14-08.44.51:718][  0]LogConfig: Setting CVar [[r.SkyAtmosphere.AerialPerspectiveLUT.FastApplyOnOpaque:1 ; Always have FastSkyLUT 1 in this case to avoid wrong sky]]
[2023.02.14-08.44.51:718][  0]LogConfig: Setting CVar [[r.SkyAtmosphere.AerialPerspectiveLUT.SampleCountMaxPerSlice:4]]
[2023.02.14-08.44.51:718][  0]LogConfig: Setting CVar [[r.SkyAtmosphere.AerialPerspectiveLUT.DepthResolution:16.0]]
[2023.02.14-08.44.51:718][  0]LogConfig: Setting CVar [[r.SkyAtmosphere.FastSkyLUT:1]]
[2023.02.14-08.44.51:718][  0]LogConfig: Setting CVar [[r.SkyAtmosphere.FastSkyLUT.SampleCountMin:4.0]]
[2023.02.14-08.44.51:718][  0]LogConfig: Setting CVar [[r.SkyAtmosphere.FastSkyLUT.SampleCountMax:128.0]]
[2023.02.14-08.44.51:718][  0]LogConfig: Setting CVar [[r.SkyAtmosphere.SampleCountMin:4.0]]
[2023.02.14-08.44.51:718][  0]LogConfig: Setting CVar [[r.SkyAtmosphere.SampleCountMax:128.0]]
[2023.02.14-08.44.51:718][  0]LogConfig: Setting CVar [[r.SkyAtmosphere.TransmittanceLUT.UseSmallFormat:0]]
[2023.02.14-08.44.51:718][  0]LogConfig: Setting CVar [[r.SkyAtmosphere.TransmittanceLUT.SampleCount:10.0]]
[2023.02.14-08.44.51:718][  0]LogConfig: Setting CVar [[r.SkyAtmosphere.MultiScatteringLUT.SampleCount:15.0]]
[2023.02.14-08.44.51:718][  0]LogConfig: Setting CVar [[r.SkyLight.RealTimeReflectionCapture:1]]
[2023.02.14-08.44.51:718][  0]LogConfig: Applying CVar settings from Section [FoliageQuality@3] File [D:/Git Repository/UE_FunctionLibrary.Cpp/FunctionLibrary/Saved/Config/Windows/Scalability.ini]
[2023.02.14-08.44.51:718][  0]LogConfig: Setting CVar [[foliage.DensityScale:1.0]]
[2023.02.14-08.44.51:718][  0]LogConfig: Setting CVar [[grass.DensityScale:1.0]]
[2023.02.14-08.44.51:718][  0]LogConfig: Applying CVar settings from Section [ShadingQuality@3] File [D:/Git Repository/UE_FunctionLibrary.Cpp/FunctionLibrary/Saved/Config/Windows/Scalability.ini]
[2023.02.14-08.44.51:718][  0]LogConfig: Setting CVar [[r.HairStrands.SkyLighting.IntegrationType:2]]
[2023.02.14-08.44.51:718][  0]LogConfig: Setting CVar [[r.HairStrands.SkyAO.SampleCount:4]]
[2023.02.14-08.44.51:718][  0]LogConfig: Setting CVar [[r.HairStrands.Visibility.MSAA.SamplePerPixel:4]]
[2023.02.14-08.44.51:721][  0]LogInit: Selected Device Profile: [Windows]
[2023.02.14-08.44.51:721][  0]LogInit: Applying CVar settings loaded from the selected device profile: [Windows]
[2023.02.14-08.44.51:721][  0]LogHAL: Display: Platform has ~ 16 GB [17138921472 / 17179869184 / 16], which maps to Larger [LargestMinGB=32, LargerMinGB=12, DefaultMinGB=8, SmallerMinGB=6, SmallestMinGB=0)
[2023.02.14-08.44.51:721][  0]LogInit: Going up to parent DeviceProfile []
[2023.02.14-08.44.51:721][  0]LogConfig: Applying CVar settings from Section [ViewDistanceQuality@3] File [D:/Git Repository/UE_FunctionLibrary.Cpp/FunctionLibrary/Saved/Config/Windows/Scalability.ini]
[2023.02.14-08.44.51:721][  0]LogConfig: Setting CVar [[r.SkeletalMeshLODBias:0]]
[2023.02.14-08.44.51:721][  0]LogConfig: Setting CVar [[r.ViewDistanceScale:1.0]]
[2023.02.14-08.44.51:721][  0]LogConfig: Applying CVar settings from Section [AntiAliasingQuality@3] File [D:/Git Repository/UE_FunctionLibrary.Cpp/FunctionLibrary/Saved/Config/Windows/Scalability.ini]
[2023.02.14-08.44.51:721][  0]LogConfig: Setting CVar [[r.PostProcessAAQuality:4]]
[2023.02.14-08.44.51:721][  0]LogConfig: Applying CVar settings from Section [ShadowQuality@3] File [D:/Git Repository/UE_FunctionLibrary.Cpp/FunctionLibrary/Saved/Config/Windows/Scalability.ini]
[2023.02.14-08.44.51:721][  0]LogConfig: Setting CVar [[r.LightFunctionQuality:1]]
[2023.02.14-08.44.51:721][  0]LogConfig: Setting CVar [[r.ShadowQuality:5]]
[2023.02.14-08.44.51:721][  0]LogConfig: Setting CVar [[r.Shadow.CSM.MaxCascades:10]]
[2023.02.14-08.44.51:721][  0]LogConfig: Setting CVar [[r.Shadow.MaxResolution:2048]]
[2023.02.14-08.44.51:722][  0]LogConfig: Setting CVar [[r.Shadow.MaxCSMResolution:2048]]
[2023.02.14-08.44.51:722][  0]LogConfig: Setting CVar [[r.Shadow.RadiusThreshold:0.01]]
[2023.02.14-08.44.51:722][  0]LogConfig: Setting CVar [[r.Shadow.DistanceScale:1.0]]
[2023.02.14-08.44.51:722][  0]LogConfig: Setting CVar [[r.Shadow.CSM.TransitionScale:1.0]]
[2023.02.14-08.44.51:722][  0]LogConfig: Setting CVar [[r.Shadow.PreShadowResolutionFactor:1.0]]
[2023.02.14-08.44.51:722][  0]LogConfig: Setting CVar [[r.DistanceFieldShadowing:1]]
[2023.02.14-08.44.51:722][  0]LogConfig: Setting CVar [[r.DistanceFieldAO:1]]
[2023.02.14-08.44.51:722][  0]LogConfig: Setting CVar [[r.AOQuality:2]]
[2023.02.14-08.44.51:722][  0]LogConfig: Setting CVar [[r.VolumetricFog:1]]
[2023.02.14-08.44.51:722][  0]LogConfig: Setting CVar [[r.VolumetricFog.GridPixelSize:8]]
[2023.02.14-08.44.51:722][  0]LogConfig: Setting CVar [[r.VolumetricFog.GridSizeZ:128]]
[2023.02.14-08.44.51:722][  0]LogConfig: Setting CVar [[r.VolumetricFog.HistoryMissSupersampleCount:4]]
[2023.02.14-08.44.51:722][  0]LogConfig: Setting CVar [[r.LightMaxDrawDistanceScale:1]]
[2023.02.14-08.44.51:722][  0]LogConfig: Setting CVar [[r.CapsuleShadows:1]]
[2023.02.14-08.44.51:722][  0]LogConfig: Applying CVar settings from Section [PostProcessQuality@3] File [D:/Git Repository/UE_FunctionLibrary.Cpp/FunctionLibrary/Saved/Config/Windows/Scalability.ini]
[2023.02.14-08.44.51:722][  0]LogConfig: Setting CVar [[r.MotionBlurQuality:4]]
[2023.02.14-08.44.51:722][  0]LogConfig: Setting CVar [[r.AmbientOcclusionMipLevelFactor:0.4]]
[2023.02.14-08.44.51:722][  0]LogConfig: Setting CVar [[r.AmbientOcclusionMaxQuality:100]]
[2023.02.14-08.44.51:722][  0]LogConfig: Setting CVar [[r.AmbientOcclusionLevels:-1]]
[2023.02.14-08.44.51:722][  0]LogConfig: Setting CVar [[r.AmbientOcclusionRadiusScale:1.0]]
[2023.02.14-08.44.51:722][  0]LogConfig: Setting CVar [[r.DepthOfFieldQuality:2]]
[2023.02.14-08.44.51:722][  0]LogConfig: Setting CVar [[r.RenderTargetPoolMin:400]]
[2023.02.14-08.44.51:722][  0]LogConfig: Setting CVar [[r.LensFlareQuality:2]]
[2023.02.14-08.44.51:722][  0]LogConfig: Setting CVar [[r.SceneColorFringeQuality:1]]
[2023.02.14-08.44.51:722][  0]LogConfig: Setting CVar [[r.EyeAdaptationQuality:2]]
[2023.02.14-08.44.51:722][  0]LogConfig: Setting CVar [[r.BloomQuality:5]]
[2023.02.14-08.44.51:722][  0]LogConfig: Setting CVar [[r.FastBlurThreshold:100]]
[2023.02.14-08.44.51:722][  0]LogConfig: Setting CVar [[r.Upscale.Quality:3]]
[2023.02.14-08.44.51:722][  0]LogConfig: Setting CVar [[r.Tonemapper.GrainQuantization:1]]
[2023.02.14-08.44.51:722][  0]LogConfig: Setting CVar [[r.LightShaftQuality:1]]
[2023.02.14-08.44.51:722][  0]LogConfig: Setting CVar [[r.Filter.SizeScale:1]]
[2023.02.14-08.44.51:722][  0]LogConfig: Setting CVar [[r.Tonemapper.Quality:5]]
[2023.02.14-08.44.51:722][  0]LogConfig: Setting CVar [[r.DOF.Gather.AccumulatorQuality:1        ; higher gathering accumulator quality]]
[2023.02.14-08.44.51:722][  0]LogConfig: Setting CVar [[r.DOF.Gather.PostfilterMethod:1          ; Median3x3 postfilering method]]
[2023.02.14-08.44.51:722][  0]LogConfig: Setting CVar [[r.DOF.Gather.EnableBokehSettings:0       ; no bokeh simulation when gathering]]
[2023.02.14-08.44.51:722][  0]LogConfig: Setting CVar [[r.DOF.Gather.RingCount:4                 ; medium number of samples when gathering]]
[2023.02.14-08.44.51:722][  0]LogConfig: Setting CVar [[r.DOF.Scatter.ForegroundCompositing:1    ; additive foreground scattering]]
[2023.02.14-08.44.51:722][  0]LogConfig: Setting CVar [[r.DOF.Scatter.BackgroundCompositing:2    ; additive background scattering]]
[2023.02.14-08.44.51:722][  0]LogConfig: Setting CVar [[r.DOF.Scatter.EnableBokehSettings:1      ; bokeh simulation when scattering]]
[2023.02.14-08.44.51:722][  0]LogConfig: Setting CVar [[r.DOF.Scatter.MaxSpriteRatio:0.1         ; only a maximum of 10% of scattered bokeh]]
[2023.02.14-08.44.51:722][  0]LogConfig: Setting CVar [[r.DOF.Recombine.Quality:1                ; cheap slight out of focus]]
[2023.02.14-08.44.51:722][  0]LogConfig: Setting CVar [[r.DOF.Recombine.EnableBokehSettings:0    ; no bokeh simulation on slight out of focus]]
[2023.02.14-08.44.51:722][  0]LogConfig: Setting CVar [[r.DOF.TemporalAAQuality:1                ; more stable temporal accumulation]]
[2023.02.14-08.44.51:722][  0]LogConfig: Setting CVar [[r.DOF.Kernel.MaxForegroundRadius:0.025]]
[2023.02.14-08.44.51:722][  0]LogConfig: Setting CVar [[r.DOF.Kernel.MaxBackgroundRadius:0.025]]
[2023.02.14-08.44.51:722][  0]LogConfig: Applying CVar settings from Section [TextureQuality@3] File [D:/Git Repository/UE_FunctionLibrary.Cpp/FunctionLibrary/Saved/Config/Windows/Scalability.ini]
[2023.02.14-08.44.51:722][  0]LogConfig: Setting CVar [[r.Streaming.MipBias:0]]
[2023.02.14-08.44.51:722][  0]LogConfig: Setting CVar [[r.Streaming.AmortizeCPUToGPUCopy:0]]
[2023.02.14-08.44.51:722][  0]LogConfig: Setting CVar [[r.Streaming.MaxNumTexturesToStreamPerFrame:0]]
[2023.02.14-08.44.51:722][  0]LogConfig: Setting CVar [[r.Streaming.Boost:1]]
[2023.02.14-08.44.51:722][  0]LogConfig: Setting CVar [[r.MaxAnisotropy:8]]
[2023.02.14-08.44.51:722][  0]LogConfig: Setting CVar [[r.VT.MaxAnisotropy:8]]
[2023.02.14-08.44.51:722][  0]LogConfig: Setting CVar [[r.Streaming.LimitPoolSizeToVRAM:0]]
[2023.02.14-08.44.51:722][  0]LogConfig: Setting CVar [[r.Streaming.PoolSize:1000]]
[2023.02.14-08.44.51:722][  0]LogConfig: Setting CVar [[r.Streaming.MaxEffectiveScreenSize:0]]
[2023.02.14-08.44.51:722][  0]LogConfig: Applying CVar settings from Section [EffectsQuality@3] File [D:/Git Repository/UE_FunctionLibrary.Cpp/FunctionLibrary/Saved/Config/Windows/Scalability.ini]
[2023.02.14-08.44.51:722][  0]LogConfig: Setting CVar [[r.TranslucencyLightingVolumeDim:64]]
[2023.02.14-08.44.51:722][  0]LogConfig: Setting CVar [[r.RefractionQuality:2]]
[2023.02.14-08.44.51:722][  0]LogConfig: Setting CVar [[r.SSR.Quality:3]]
[2023.02.14-08.44.51:722][  0]LogConfig: Setting CVar [[r.SSR.HalfResSceneColor:0]]
[2023.02.14-08.44.51:722][  0]LogConfig: Setting CVar [[r.SceneColorFormat:4]]
[2023.02.14-08.44.51:722][  0]LogConfig: Setting CVar [[r.DetailMode:2]]
[2023.02.14-08.44.51:722][  0]LogConfig: Setting CVar [[r.TranslucencyVolumeBlur:1]]
[2023.02.14-08.44.51:722][  0]LogConfig: Setting CVar [[r.MaterialQualityLevel:1 ; High quality]]
[2023.02.14-08.44.51:722][  0]LogConfig: Setting CVar [[r.AnisotropicMaterials:1]]
[2023.02.14-08.44.51:722][  0]LogConfig: Setting CVar [[r.SSS.Scale:1]]
[2023.02.14-08.44.51:722][  0]LogConfig: Setting CVar [[r.SSS.SampleSet:2]]
[2023.02.14-08.44.51:722][  0]LogConfig: Setting CVar [[r.SSS.Quality:1]]
[2023.02.14-08.44.51:722][  0]LogConfig: Setting CVar [[r.SSS.HalfRes:0]]
[2023.02.14-08.44.51:722][  0]LogConfig: Setting CVar [[r.SSGI.Quality:3]]
[2023.02.14-08.44.51:722][  0]LogConfig: Setting CVar [[r.EmitterSpawnRateScale:1.0]]
[2023.02.14-08.44.51:722][  0]LogConfig: Setting CVar [[r.ParticleLightQuality:2]]
[2023.02.14-08.44.51:722][  0]LogConfig: Setting CVar [[r.SkyAtmosphere.AerialPerspectiveLUT.FastApplyOnOpaque:1 ; Always have FastSkyLUT 1 in this case to avoid wrong sky]]
[2023.02.14-08.44.51:722][  0]LogConfig: Setting CVar [[r.SkyAtmosphere.AerialPerspectiveLUT.SampleCountMaxPerSlice:4]]
[2023.02.14-08.44.51:722][  0]LogConfig: Setting CVar [[r.SkyAtmosphere.AerialPerspectiveLUT.DepthResolution:16.0]]
[2023.02.14-08.44.51:722][  0]LogConfig: Setting CVar [[r.SkyAtmosphere.FastSkyLUT:1]]
[2023.02.14-08.44.51:722][  0]LogConfig: Setting CVar [[r.SkyAtmosphere.FastSkyLUT.SampleCountMin:4.0]]
[2023.02.14-08.44.51:722][  0]LogConfig: Setting CVar [[r.SkyAtmosphere.FastSkyLUT.SampleCountMax:128.0]]
[2023.02.14-08.44.51:722][  0]LogConfig: Setting CVar [[r.SkyAtmosphere.SampleCountMin:4.0]]
[2023.02.14-08.44.51:722][  0]LogConfig: Setting CVar [[r.SkyAtmosphere.SampleCountMax:128.0]]
[2023.02.14-08.44.51:722][  0]LogConfig: Setting CVar [[r.SkyAtmosphere.TransmittanceLUT.UseSmallFormat:0]]
[2023.02.14-08.44.51:722][  0]LogConfig: Setting CVar [[r.SkyAtmosphere.TransmittanceLUT.SampleCount:10.0]]
[2023.02.14-08.44.51:722][  0]LogConfig: Setting CVar [[r.SkyAtmosphere.MultiScatteringLUT.SampleCount:15.0]]
[2023.02.14-08.44.51:722][  0]LogConfig: Setting CVar [[r.SkyLight.RealTimeReflectionCapture:1]]
[2023.02.14-08.44.51:722][  0]LogConfig: Applying CVar settings from Section [FoliageQuality@3] File [D:/Git Repository/UE_FunctionLibrary.Cpp/FunctionLibrary/Saved/Config/Windows/Scalability.ini]
[2023.02.14-08.44.51:722][  0]LogConfig: Setting CVar [[foliage.DensityScale:1.0]]
[2023.02.14-08.44.51:722][  0]LogConfig: Setting CVar [[grass.DensityScale:1.0]]
[2023.02.14-08.44.51:722][  0]LogConfig: Applying CVar settings from Section [ShadingQuality@3] File [D:/Git Repository/UE_FunctionLibrary.Cpp/FunctionLibrary/Saved/Config/Windows/Scalability.ini]
[2023.02.14-08.44.51:722][  0]LogConfig: Setting CVar [[r.HairStrands.SkyLighting.IntegrationType:2]]
[2023.02.14-08.44.51:722][  0]LogConfig: Setting CVar [[r.HairStrands.SkyAO.SampleCount:4]]
[2023.02.14-08.44.51:722][  0]LogConfig: Setting CVar [[r.HairStrands.Visibility.MSAA.SamplePerPixel:4]]
[2023.02.14-08.44.51:722][  0]LogConfig: Applying CVar settings from Section [Startup] File [../../../Engine/Config/ConsoleVariables.ini]
[2023.02.14-08.44.51:723][  0]LogConfig: Setting CVar [[net.UseAdaptiveNetUpdateFrequency:0]]
[2023.02.14-08.44.51:723][  0]LogConfig: Setting CVar [[p.chaos.AllowCreatePhysxBodies:1]]
[2023.02.14-08.44.51:723][  0]LogConfig: Setting CVar [[fx.SkipVectorVMBackendOptimizations:1]]
[2023.02.14-08.44.51:723][  0]LogConfig: Applying CVar settings from Section [ConsoleVariables] File [D:/Git Repository/UE_FunctionLibrary.Cpp/FunctionLibrary/Saved/Config/Windows/Engine.ini]
[2023.02.14-08.44.51:723][  0]LogConfig: Applying CVar settings from Section [ConsoleVariables] File [D:/Git Repository/UE_FunctionLibrary.Cpp/FunctionLibrary/Saved/Config/Windows/Editor.ini]
[2023.02.14-08.44.51:723][  0]LogInit: Computer: DESKTOP-U9OR4T7
[2023.02.14-08.44.51:723][  0]LogInit: User: MustafaBolat
[2023.02.14-08.44.51:723][  0]LogInit: CPU Page size=4096, Cores=4
[2023.02.14-08.44.51:723][  0]LogInit: High frequency timer resolution =10.000000 MHz
[2023.02.14-08.44.51:723][  0]LogMemory: Memory total: Physical=16.0GB (16GB approx)
[2023.02.14-08.44.51:723][  0]LogMemory: Platform Memory Stats for Windows
[2023.02.14-08.44.51:723][  0]LogMemory: Process Physical Memory: 132.42 MB used, 132.42 MB peak
[2023.02.14-08.44.51:723][  0]LogMemory: Process Virtual Memory: 110.73 MB used, 110.73 MB peak
[2023.02.14-08.44.51:723][  0]LogMemory: Physical Memory: 8214.97 MB used,  8129.98 MB free, 16344.95 MB total
[2023.02.14-08.44.51:723][  0]LogMemory: Virtual Memory: 134210832.00 MB used,  6895.74 MB free, 134217728.00 MB total
[2023.02.14-08.44.51:727][  0]LogWindows: WindowsPlatformFeatures enabled
[2023.02.14-08.44.51:771][  0]LogInit: Physics initialised using underlying interface: PhysX
[2023.02.14-08.44.51:771][  0]LogInit: Using OS detected language (en-US).
[2023.02.14-08.44.51:771][  0]LogInit: Using OS detected locale (en-NL).
[2023.02.14-08.44.51:773][  0]LogTextLocalizationManager: No specific localization for 'en-US' exists, so the 'en' localization will be used.
[2023.02.14-08.44.52:380][  0]LogTargetPlatformManager: Display: Loaded TargetPlatform 'AllDesktop'
[2023.02.14-08.44.52:403][  0]LogTargetPlatformManager: Display: Loaded TargetPlatform 'Android'
[2023.02.14-08.44.52:403][  0]LogTargetPlatformManager: Display: Loaded TargetPlatform 'Android_ASTC'
[2023.02.14-08.44.52:403][  0]LogTargetPlatformManager: Display: Loaded TargetPlatform 'Android_DXT'
[2023.02.14-08.44.52:403][  0]LogTargetPlatformManager: Display: Loaded TargetPlatform 'Android_ETC2'
[2023.02.14-08.44.52:403][  0]LogTargetPlatformManager: Display: Loaded TargetPlatform 'AndroidClient'
[2023.02.14-08.44.52:403][  0]LogTargetPlatformManager: Display: Loaded TargetPlatform 'Android_ASTCClient'
[2023.02.14-08.44.52:403][  0]LogTargetPlatformManager: Display: Loaded TargetPlatform 'Android_DXTClient'
[2023.02.14-08.44.52:403][  0]LogTargetPlatformManager: Display: Loaded TargetPlatform 'Android_ETC2Client'
[2023.02.14-08.44.52:403][  0]LogTargetPlatformManager: Display: Loaded TargetPlatform 'Android_Multi'
[2023.02.14-08.44.52:403][  0]LogTargetPlatformManager: Display: Loaded TargetPlatform 'Android_MultiClient'
[2023.02.14-08.44.52:444][  0]LogTargetPlatformManager: Display: Loaded TargetPlatform 'IOSClient'
[2023.02.14-08.44.52:444][  0]LogTargetPlatformManager: Display: Loaded TargetPlatform 'IOS'
[2023.02.14-08.44.52:453][  0]LogTargetPlatformManager: Display: Loaded TargetPlatform 'Linux'
[2023.02.14-08.44.52:458][  0]LogTargetPlatformManager: Display: Loaded TargetPlatform 'LinuxNoEditor'
[2023.02.14-08.44.52:462][  0]LogTargetPlatformManager: Display: Loaded TargetPlatform 'LinuxClient'
[2023.02.14-08.44.52:467][  0]LogTargetPlatformManager: Display: Loaded TargetPlatform 'LinuxServer'
[2023.02.14-08.44.52:476][  0]LogTargetPlatformManager: Display: Loaded TargetPlatform 'LinuxAArch64NoEditor'
[2023.02.14-08.44.52:480][  0]LogTargetPlatformManager: Display: Loaded TargetPlatform 'LinuxAArch64Client'
[2023.02.14-08.44.52:485][  0]LogTargetPlatformManager: Display: Loaded TargetPlatform 'LinuxAArch64Server'
[2023.02.14-08.44.52:508][  0]LogTargetPlatformManager: Display: Loaded TargetPlatform 'Lumin'
[2023.02.14-08.44.52:508][  0]LogTargetPlatformManager: Display: Loaded TargetPlatform 'LuminClient'
[2023.02.14-08.44.52:516][  0]LogTargetPlatformManager: Display: Loaded TargetPlatform 'MacNoEditor'
[2023.02.14-08.44.52:521][  0]LogTargetPlatformManager: Display: Loaded TargetPlatform 'Mac'
[2023.02.14-08.44.52:525][  0]LogTargetPlatformManager: Display: Loaded TargetPlatform 'MacClient'
[2023.02.14-08.44.52:529][  0]LogTargetPlatformManager: Display: Loaded TargetPlatform 'MacServer'
[2023.02.14-08.44.52:539][  0]LogTargetPlatformManager: Display: Loaded TargetPlatform 'TVOSClient'
[2023.02.14-08.44.52:539][  0]LogTargetPlatformManager: Display: Loaded TargetPlatform 'TVOS'
[2023.02.14-08.44.52:548][  0]LogTargetPlatformManager: Display: Loaded TargetPlatform 'WindowsNoEditor'
[2023.02.14-08.44.52:552][  0]LogTargetPlatformManager: Display: Loaded TargetPlatform 'Windows'
[2023.02.14-08.44.52:556][  0]LogTargetPlatformManager: Display: Loaded TargetPlatform 'WindowsClient'
[2023.02.14-08.44.52:561][  0]LogTargetPlatformManager: Display: Loaded TargetPlatform 'WindowsServer'
[2023.02.14-08.44.52:561][  0]LogTargetPlatformManager: Display: Building Assets For Windows
[2023.02.14-08.44.52:567][  0]LogAudioDebug: Display: Lib vorbis DLL was dynamically loaded.
[2023.02.14-08.44.52:593][  0]LogTextureFormatOodle: Display: Oodle Texture 2.9.0 init RDO Off
[2023.02.14-08.44.52:621][  0]LogRendererCore: Ray tracing is disabled. Reason: r.RayTracing=0.
[2023.02.14-08.44.52:622][  0]LogDerivedDataCache: Display: Max Cache Size: 512 MB
[2023.02.14-08.44.52:681][  0]LogDerivedDataCache: Loaded boot cache 0.06s 94MB C:/Users/Mustafa Bolat/AppData/Local/UnrealEngine/4.27/DerivedDataCache/Boot.ddc.
[2023.02.14-08.44.52:682][  0]LogDerivedDataCache: Display: Loaded Boot cache: C:/Users/Mustafa Bolat/AppData/Local/UnrealEngine/4.27/DerivedDataCache/Boot.ddc
[2023.02.14-08.44.52:682][  0]LogDerivedDataCache: FDerivedDataBackendGraph:  Pak pak cache file ../../../../../Git Repository/UE_FunctionLibrary.Cpp/FunctionLibrary/DerivedDataCache/DDC.ddp not found, will not use a pak cache.
[2023.02.14-08.44.52:682][  0]LogDerivedDataCache: Unable to find inner node Pak for hierarchical cache Hierarchy.
[2023.02.14-08.44.52:682][  0]LogDerivedDataCache: FDerivedDataBackendGraph:  CompressedPak pak cache file ../../../../../Git Repository/UE_FunctionLibrary.Cpp/FunctionLibrary/DerivedDataCache/Compressed.ddp not found, will not use a pak cache.
[2023.02.14-08.44.52:682][  0]LogDerivedDataCache: Unable to find inner node CompressedPak for hierarchical cache Hierarchy.
[2023.02.14-08.44.52:701][  0]LogDerivedDataCache: Display: Pak cache opened for reading ../../../Engine/DerivedDataCache/Compressed.ddp.
[2023.02.14-08.44.52:701][  0]LogDerivedDataCache: FDerivedDataBackendGraph:  EnterprisePak pak cache file ../../../Enterprise/DerivedDataCache/Compressed.ddp not found, will not use a pak cache.
[2023.02.14-08.44.52:701][  0]LogDerivedDataCache: Unable to find inner node EnterprisePak for hierarchical cache Hierarchy.
[2023.02.14-08.44.52:707][  0]LogDerivedDataCache: Speed tests for C:/Users/Mustafa Bolat/AppData/Local/UnrealEngine/Common/DerivedDataCache took 0.01 seconds
[2023.02.14-08.44.52:707][  0]LogDerivedDataCache: Display: Performance to C:/Users/Mustafa Bolat/AppData/Local/UnrealEngine/Common/DerivedDataCache: Latency=0.03ms. RandomReadSpeed=1232.19MBs, RandomWriteSpeed=194.41MBs. Assigned SpeedClass 'Local'
[2023.02.14-08.44.52:881][  0]LogDerivedDataCache: Using Local data cache path C:/Users/Mustafa Bolat/AppData/Local/UnrealEngine/Common/DerivedDataCache: Writable
[2023.02.14-08.44.52:881][  0]LogDerivedDataCache: Shared data cache path not found in *engine.ini, will not use an Shared cache.
[2023.02.14-08.44.52:881][  0]LogDerivedDataCache: Unable to find inner node Shared for hierarchical cache Hierarchy.
[2023.02.14-08.44.52:886][  0]LogAssetRegistry: FAssetRegistry took 0.0020 seconds to start up
[2023.02.14-08.44.53:138][  0]LogInit: Selected Device Profile: [Windows]
[2023.02.14-08.44.53:138][  0]LogInit: Active device profile: [000001338AC97B00][0000013388F02340 49] Windows
[2023.02.14-08.44.53:138][  0]LogInit: Profiles: [000001338AC97B00][0000013388F02340 49] Windows, [000001338AC54600][000001338546A4C0 49] WindowsNoEditor, [000001338AC94600][000001338546E640 49] WindowsServer, [000001338AC57300][00000133854727C0 49] WindowsClient, [000001338AC97200][0000013385476940 49] IOS, [000001338AC55000][00000133858AEAC0 49] iPadAir, [000001338AC94F00][00000133858B2C40 49] iPadAir2, [000001338AC14300][0000013388F06EC0 49] IPadPro, [000001338AC14400][00000133858B6F00 49] iPadAir3, [000001338AC96C00][00000133858C7040 49] iPadAir4, [000001338AC17600][00000133858CB180 49] iPadMini2, [000001338AC95400][00000133858D3300 49] iPadMini3, [000001338AC15500][00000133858D7480 49] iPadMini4, [000001338AC96400][00000133858DB600 49] iPadMini5, [000001338AC13B00][00000133858E38C0 49] iPhone6, [000001338AC13C00][00000133858DF900 49] iPodTouch6, [000001338AC17100][00000133858EBBC0 49] iPhone7, [000001338AC17000][00000133858E7C00 49] iPodTouch7, [000001338AC10B00][00000133858EE200 49] iPhone5S, [000001338AC14B00][00000133858F2380 49] iPhone6Plus, [000001338AC12E00][00000133858F6500 49] iPhone6S, [000001338AC17900][00000133858FA680 49] iPhone6SPlus, [000001338AC11300][00000133858FE800 49] iPhone7Plus, [000001338AC15200][0000013385902980 49] iPhoneSE, [000001338AC12600][0000013385906B00 49] iPhone8, [000001338AC15800][000001338590AC80 49] iPhone8Plus, [000001338AC11B00][000001338938EE00 49] iPhoneX, [000001338AC14600][0000013389392F80 49] iPhoneXS, [000001338AC10500][00000133858CF0C0 49] iPhoneXSMax, [000001338AC16800][0000013389397200 49] iPhoneXR, [000001338AC11D00][000001338939B340 49] iPhone11, [000001338AC16B00][00000133893A34C0 49] iPhone11Pro, [000001338AC13F00][00000133893A7640 49] iPhone11ProMax, [000001338AC16E00][00000133893AB7C0 49] iPhoneSE2, [000001338AC12400][00000133893AF940 49] iPhone12Mini, [000001338AC15900][00000133893B3AC0 49] iPhone12, [000001338AC11C00][00000133893B60C0 49] iPhone12Pro, [000001338AC17800][00000133893BA240 49] iPhone12ProMax, [000001338AC11600][00000133893BE3C0 49] iPadPro105, [000001338AC15600][00000133893C2540 49] iPadPro129, [000001338AC11800][00000133893C66C0 49] iPadPro97, [000001338AC15F00][00000133893CA840 49] iPadPro2_129, [000001338AC13400][00000133893CE9C0 49] iPad5, [000001338AC17E00][00000133893D2B40 49] iPad6, [000001338AC12700][00000133893D6CC0 49] iPad7, [000001338AC15400][00000133893DAE40 49] iPad8, [000001338AC10C00][00000133893DEFC0 49] iPadPro11, [000001338AC16700][00000133893E3140 49] iPadPro2_11, [000001338AC13E00][000001338939F280 49] iPadPro3_129, [000001338AC17A00][00000133893E73C0 49] iPadPro4_129, [000001338AC12C00][00000133893EB500 49] AppleTV, [000001338AC16400][00000133893EF640 49] AppleTV4K, [000001338AC10F00][00000133893F77C0 49] TVOS, [000001338AC14200][00000133893FB940 49] Mac, [000001338AC10100][00000133893FFAC0 49] MacClient, [000001338AC14F00][00000133894020C0 49] MacNoEditor, [000001338AC11200][0000013389406240 49] MacServer, [000001338AC15B00][000001338940A3C0 49] Linux, [000001338AC12800][000001338940E540 49] LinuxAArch64, [000001338AC15300][00000133894126C0 49] LinuxNoEditor, [000001338AC11900][0000013389416840 49] LinuxAArch64NoEditor, [000001338AC16100][000001338941A9C0 49] LinuxClient, [000001338AC13800][000001338941EB40 49] LinuxAArch64Client, [000001338AC17B00][0000013389422CC0 49] LinuxServer, [000001338AC11500][0000013389426E40 49] LinuxAArch64Server, [000001338AC14700][000001338942AFC0 49] Android, [000001338AC56C00][000001338942F140 49] Android_Low, [000001338ACD4800][00000133894332C0 49] Android_Mid, [000001338AC57400][00000133893F3400 49] Android_High, [000001338ACD6E00][0000013389437540 49] Android_Default, [000001338AC54500][000001338943B680 49] Android_Adreno4xx, [000001338ACD5100][000001338943F7C0 49] Android_Adreno5xx_Low, [000001338AC55E00][0000013389447940 49] Android_Adreno5xx, [000001338ACD4D00][000001338944BAC0 49] Android_Adreno6xx, [000001338AC57100][000001338944E0C0 49] Android_Adreno6xx_Vulkan, [000001338ACD4C00][0000013389452240 49] Android_Mali_T6xx, [000001338AC55C00][00000133894563C0 49] Android_Mali_T7xx, [000001338ACD6000][000001338945A540 49] Android_Mali_T8xx, [000001338AC57B00][000001338945E6C0 49] Android_Mali_G71, [000001338ACD4B00][0000013389462840 49] Android_Mali_G72, [000001338AC55B00][00000133894669C0 49] Android_Mali_G72_Vulkan, [000001338ACD4500][000001338946AB40 49] Android_Mali_G76, [000001338AC57E00][000001338946ECC0 49] Android_Mali_G76_Vulkan, [000001338ACD4700][0000013389472E40 49] Android_Mali_G77, [000001338AC54C00][0000013389476FC0 49] Android_Mali_G77_Vulkan, [000001338ACD6600][000001338947B140 49] Android_Mali_G78, [000001338AC54400][000001338947F2C0 49] Android_Mali_G78_Vulkan, [000001338ACD6700][0000013389483440 49] Android_Mali_G710, [000001338AC54D00][00000133894875C0 49] Android_Mali_G710_Vulkan, [000001338ACD4100][0000013389443700 49] Android_Vulkan_SM5, [000001338AC54E00][000001338948B840 49] Android_PowerVR_G6xxx, [000001338ACD4E00][000001338948F980 49] Android_PowerVR_GT7xxx, [000001338AC16900][0000013389497B00 49] Android_PowerVR_GE8xxx, [000001338ACD5B00][000001338949A100 49] Android_PowerVR_GM9xxx, [000001338AC15000][000001338949E280 49] Android_PowerVR_GM9xxx_Vulkan, [000001338ACD5E00][00000133894A2400 49] Android_TegraK1, [000001338AC16C00][00000133894A6580 49] Android_Unknown_Vulkan, [000001338ACD5700][00000133894AA700 49] Lumin, [000001338AC17300][00000133894AE880 49] Lumin_Desktop, [000001338ACD5A00][00000133894B2A00 49] HoloLens, 
[2023.02.14-08.44.53:167][  0]LogMeshReduction: Using QuadricMeshReduction for automatic static mesh reduction
[2023.02.14-08.44.53:167][  0]LogMeshReduction: Using SimplygonMeshReduction for automatic skeletal mesh reduction
[2023.02.14-08.44.53:167][  0]LogMeshReduction: Using ProxyLODMeshReduction for automatic mesh merging
[2023.02.14-08.44.53:167][  0]LogMeshReduction: No distributed automatic mesh merging module available
[2023.02.14-08.44.53:167][  0]LogMeshMerging: No distributed automatic mesh merging module available
[2023.02.14-08.44.53:181][  0]LogNetVersion: FunctionLibrary 1.0.0, NetCL: 17155196, EngineNetVer: 17, GameNetVer: 0 (Checksum: 3334189872)
[2023.02.14-08.44.53:328][  0]LogHMD: PokeAHoleMaterial loaded successfully
[2023.02.14-08.44.53:407][  0]LogCollectionManager: Loaded 0 collections in 0.000754 seconds
[2023.02.14-08.44.53:433][  0]LogFileCache: Scanning file cache for directory 'D:/Git Repository/UE_FunctionLibrary.Cpp/FunctionLibrary/Saved/Collections/' took 0.02s
[2023.02.14-08.44.53:433][  0]LogFileCache: Scanning file cache for directory 'D:/Git Repository/UE_FunctionLibrary.Cpp/FunctionLibrary/Content/Developers/MustafaBolat/Collections/' took 0.00s
[2023.02.14-08.44.53:434][  0]LogFileCache: Scanning file cache for directory 'D:/Git Repository/UE_FunctionLibrary.Cpp/FunctionLibrary/Content/Collections/' took 0.00s
[2023.02.14-08.44.53:434][  0]LogCollectionManager: Fixed up redirectors for 0 collections in 0.000002 seconds (updated 0 objects)
[2023.02.14-08.44.53:524][  0]LogPython: Using Python 3.7.7
[2023.02.14-08.44.54:169][  0]LogNiagaraDebuggerClient: Niagara Debugger Client Initialized | Session: 4372B2084F38B924B4BDDDAB9A8A9E7F | Instance: 089D1DB04C8E2AD1723A949E88C4D95C (DESKTOP-U9OR4T7-7944).
[2023.02.14-08.44.54:577][  0]LogOpenImageDenoise: OIDN starting up
[2023.02.14-08.44.54:615][  0]LogAndroidPermission: UAndroidPermissionCallbackProxy::GetInstance
[2023.02.14-08.44.54:633][  0]LogAudioCaptureCore: Display: No Audio Capture implementations found. Audio input will be silent.
[2023.02.14-08.44.54:633][  0]LogAudioCaptureCore: Display: No Audio Capture implementations found. Audio input will be silent.
[2023.02.14-08.44.54:744][  0]SourceControl: Source control is disabled
[2023.02.14-08.44.54:745][  0]SourceControl: Source control is disabled
[2023.02.14-08.44.54:747][  0]SourceControl: Source control is disabled
[2023.02.14-08.44.54:750][  0]SourceControl: Source control is disabled
[2023.02.14-08.44.54:752][  0]SourceControl: Source control is disabled
[2023.02.14-08.44.54:757][  0]LogUProjectInfo: Found projects:
[2023.02.14-08.44.54:783][  0]LogOcInput: OculusInput pre-init called
[2023.02.14-08.44.54:815][  0]LogUObjectArray: 23071 objects as part of root set at end of initial load.
[2023.02.14-08.44.54:815][  0]LogUObjectAllocator: 6369392 out of 0 bytes used by permanent object pool.
[2023.02.14-08.44.54:815][  0]LogUObjectArray: CloseDisregardForGC: 0/0 objects in disregard for GC pool
[2023.02.14-08.44.54:819][  0]LogInit: Error: VisualStudioToolsCommandlet looked like a commandlet, but we could not find the class.
[2023.02.14-08.44.54:819][  0]LogCore: Engine exit requested (reason: Failed to find commandlet class VisualStudioToolsCommandlet)
[2023.02.14-08.44.54:819][  0]LogCore: Engine exit requested (reason: EngineExit() was called; note: exit was already requested)
[2023.02.14-08.44.54:897][  0]LogExit: Preparing to exit.
[2023.02.14-08.44.54:970][  0]LogUObjectHash: Compacting FUObjectHashTables data took   0.73ms
[2023.02.14-08.44.55:376][  0]LogDemo: Cleaned up 0 splitscreen connections with owner deletion
[2023.02.14-08.44.55:418][  0]LogExit: Object subsystem successfully closed.
[2023.02.14-08.44.55:442][  0]LogModuleManager: Shutting down and abandoning module AudioSynesthesiaEditor (594)
[2023.02.14-08.44.55:442][  0]LogModuleManager: Shutting down and abandoning module OculusEditor (592)
[2023.02.14-08.44.55:442][  0]LogModuleManager: Shutting down and abandoning module OculusInput (590)
[2023.02.14-08.44.55:442][  0]LogModuleManager: Shutting down and abandoning module ContentBrowserFileDataSource (588)
[2023.02.14-08.44.55:442][  0]LogModuleManager: Shutting down and abandoning module ContentBrowserClassDataSource (586)
[2023.02.14-08.44.55:442][  0]LogModuleManager: Shutting down and abandoning module ContentBrowserAssetDataSource (584)
[2023.02.14-08.44.55:442][  0]LogModuleManager: Shutting down and abandoning module ToolMenus (583)
[2023.02.14-08.44.55:442][  0]LogModuleManager: Shutting down and abandoning module VisualStudioSourceCodeAccess (580)
[2023.02.14-08.44.55:442][  0]LogModuleManager: Shutting down and abandoning module VisualStudioCodeSourceCodeAccess (578)
[2023.02.14-08.44.55:442][  0]LogModuleManager: Shutting down and abandoning module UObjectPlugin (576)
[2023.02.14-08.44.55:442][  0]LogModuleManager: Shutting down and abandoning module SubversionSourceControl (574)
[2023.02.14-08.44.55:442][  0]LogModuleManager: Shutting down and abandoning module PluginUtils (572)
[2023.02.14-08.44.55:442][  0]LogModuleManager: Shutting down and abandoning module PlasticSourceControl (570)
[2023.02.14-08.44.55:442][  0]LogModuleManager: Shutting down and abandoning module PerforceSourceControl (568)
[2023.02.14-08.44.55:442][  0]LogModuleManager: Shutting down and abandoning module GitSourceControl (566)
[2023.02.14-08.44.55:442][  0]LogModuleManager: Shutting down and abandoning module SourceControl (565)
[2023.02.14-08.44.55:442][  0]LogModuleManager: Shutting down and abandoning module CLionSourceCodeAccess (562)
[2023.02.14-08.44.55:442][  0]LogModuleManager: Shutting down and abandoning module AnimationSharingEd (560)
[2023.02.14-08.44.55:442][  0]LogModuleManager: Shutting down and abandoning module TakeSequencer (558)
[2023.02.14-08.44.55:442][  0]LogModuleManager: Shutting down and abandoning module TakeMovieScene (556)
[2023.02.14-08.44.55:442][  0]LogModuleManager: Shutting down and abandoning module ScreenshotTools (554)
[2023.02.14-08.44.55:442][  0]LogModuleManager: Shutting down and abandoning module SynthesisEditor (552)
[2023.02.14-08.44.55:442][  0]LogModuleManager: Shutting down and abandoning module Synthesis (550)
[2023.02.14-08.44.55:442][  0]LogModuleManager: Shutting down and abandoning module ProceduralMeshComponentEditor (548)
[2023.02.14-08.44.55:442][  0]LogModuleManager: Shutting down and abandoning module ProceduralMeshComponent (546)
[2023.02.14-08.44.55:443][  0]LogModuleManager: Shutting down and abandoning module OpenXREditor (544)
[2023.02.14-08.44.55:443][  0]LogModuleManager: Shutting down and abandoning module MobilePatchingUtils (542)
[2023.02.14-08.44.55:443][  0]LogModuleManager: Shutting down and abandoning module GooglePAD (540)
[2023.02.14-08.44.55:443][  0]LogModuleManager: Shutting down and abandoning module EditableMesh (538)
[2023.02.14-08.44.55:443][  0]LogModuleManager: Shutting down and abandoning module CustomMeshComponent (536)
[2023.02.14-08.44.55:443][  0]LogModuleManager: Shutting down and abandoning module CableComponent (534)
[2023.02.14-08.44.55:443][  0]LogModuleManager: Shutting down and abandoning module AudioCapture (532)
[2023.02.14-08.44.55:443][  0]LogModuleManager: Shutting down and abandoning module AudioCaptureRtAudio (531)
[2023.02.14-08.44.55:443][  0]LogModuleManager: Shutting down and abandoning module AssetTags (528)
[2023.02.14-08.44.55:443][  0]LogModuleManager: Shutting down and abandoning module ArchVisCharacter (526)
[2023.02.14-08.44.55:443][  0]LogModuleManager: Shutting down and abandoning module AppleImageUtilsBlueprintSupport (524)
[2023.02.14-08.44.55:443][  0]LogModuleManager: Shutting down and abandoning module AppleImageUtils (522)
[2023.02.14-08.44.55:443][  0]LogModuleManager: Shutting down and abandoning module AndroidPermission (520)
[2023.02.14-08.44.55:443][  0]LogModuleManager: Shutting down and abandoning module ActorLayerUtilitiesEditor (518)
[2023.02.14-08.44.55:443][  0]LogModuleManager: Shutting down and abandoning module ActorLayerUtilities (516)
[2023.02.14-08.44.55:443][  0]LogModuleManager: Shutting down and abandoning module TemplateSequence (514)
[2023.02.14-08.44.55:443][  0]LogModuleManager: Shutting down and abandoning module MediaCompositing (512)
[2023.02.14-08.44.55:443][  0]LogModuleManager: Shutting down and abandoning module MagicLeapSharedWorld (510)
[2023.02.14-08.44.55:443][  0]LogModuleManager: Shutting down and abandoning module MagicLeapLightEstimation (508)
[2023.02.14-08.44.55:443][  0]LogModuleManager: Shutting down and abandoning module MagicLeapHelperVulkan (506)
[2023.02.14-08.44.55:443][  0]LogModuleManager: Shutting down and abandoning module MagicLeapHelperOpenGL (504)
[2023.02.14-08.44.55:443][  0]LogModuleManager: Shutting down and abandoning module MagicLeapAudio (502)
[2023.02.14-08.44.55:443][  0]LogModuleManager: Shutting down and abandoning module NiagaraEditorWidgets (500)
[2023.02.14-08.44.55:443][  0]LogModuleManager: Shutting down and abandoning module MotoSynthEditor (498)
[2023.02.14-08.44.55:443][  0]LogModuleManager: Shutting down and abandoning module MotoSynth (496)
[2023.02.14-08.44.55:443][  0]LogModuleManager: Shutting down and abandoning module OpenImageDenoise (494)
[2023.02.14-08.44.55:443][  0]LogOpenImageDenoise: OIDN shutting down
[2023.02.14-08.44.55:443][  0]LogModuleManager: Shutting down and abandoning module MeshConversion (492)
[2023.02.14-08.44.55:443][  0]LogModuleManager: Shutting down and abandoning module DynamicMesh (490)
[2023.02.14-08.44.55:443][  0]LogModuleManager: Shutting down and abandoning module GeometryAlgorithms (488)
[2023.02.14-08.44.55:443][  0]LogModuleManager: Shutting down and abandoning module GeometricObjects (486)
[2023.02.14-08.44.55:443][  0]LogModuleManager: Shutting down and abandoning module GeometryCollectionTracks (484)
[2023.02.14-08.44.55:443][  0]LogModuleManager: Shutting down and abandoning module GeometryCollectionSequencer (483)
[2023.02.14-08.44.55:443][  0]LogModuleManager: Shutting down and abandoning module GeometryCollectionEditor (480)
[2023.02.14-08.44.55:443][  0]LogModuleManager: Shutting down and abandoning module GeometryCacheTracks (478)
[2023.02.14-08.44.55:443][  0]LogModuleManager: Shutting down and abandoning module GeometryCacheStreamer (476)
[2023.02.14-08.44.55:443][  0]LogModuleManager: Shutting down and abandoning module GeometryCacheSequencer (474)
[2023.02.14-08.44.55:443][  0]LogModuleManager: Shutting down and abandoning module ChaosNiagara (472)
[2023.02.14-08.44.55:443][  0]LogModuleManager: Shutting down and abandoning module ChaosSolverEditor (470)
[2023.02.14-08.44.55:443][  0]LogModuleManager: Shutting down and abandoning module FractureEditor (468)
[2023.02.14-08.44.55:443][  0]LogModuleManager: Shutting down and abandoning module FieldSystemEngine (467)
[2023.02.14-08.44.55:443][  0]LogModuleManager: Shutting down and abandoning module ChaosClothEditor (464)
[2023.02.14-08.44.55:443][  0]LogModuleManager: Shutting down and abandoning module AutomationUtilsEditor (462)
[2023.02.14-08.44.55:443][  0]LogModuleManager: Shutting down and abandoning module AutomationUtils (460)
[2023.02.14-08.44.55:443][  0]LogModuleManager: Shutting down and abandoning module AlembicImporter (458)
[2023.02.14-08.44.55:444][  0]LogModuleManager: Shutting down and abandoning module AlembicLibrary (457)
[2023.02.14-08.44.55:444][  0]LogModuleManager: Shutting down and abandoning module GeometryCache (456)
[2023.02.14-08.44.55:444][  0]LogModuleManager: Shutting down and abandoning module GeometryCacheEd (455)
[2023.02.14-08.44.55:444][  0]LogModuleManager: Shutting down and abandoning module VariantManagerContentEditor (450)
[2023.02.14-08.44.55:444][  0]LogModuleManager: Shutting down and abandoning module DatasmithContentEditor (448)
[2023.02.14-08.44.55:444][  0]LogModuleManager: Shutting down and abandoning module SpeedTreeImporter (446)
[2023.02.14-08.44.55:444][  0]LogModuleManager: Shutting down and abandoning module PluginBrowser (444)
[2023.02.14-08.44.55:444][  0]LogModuleManager: Shutting down and abandoning module MobileLauncherProfileWizard (442)
[2023.02.14-08.44.55:444][  0]LogModuleManager: Shutting down and abandoning module MaterialAnalyzer (440)
[2023.02.14-08.44.55:444][  0]LogModuleManager: Shutting down and abandoning module CurveEditorTools (438)
[2023.02.14-08.44.55:444][  0]LogModuleManager: Shutting down and abandoning module CryptoKeysOpenSSL (436)
[2023.02.14-08.44.55:444][  0]LogModuleManager: Shutting down and abandoning module CryptoKeys (434)
[2023.02.14-08.44.55:444][  0]LogModuleManager: Shutting down and abandoning module OodleNetworkHandlerComponent (432)
[2023.02.14-08.44.55:444][  0]LogModuleManager: Shutting down and abandoning module LightPropagationVolumeEditor (430)
[2023.02.14-08.44.55:444][  0]LogModuleManager: Shutting down and abandoning module LiveLinkSequencer (428)
[2023.02.14-08.44.55:444][  0]LogModuleManager: Shutting down and abandoning module LiveLinkMovieScene (426)
[2023.02.14-08.44.55:444][  0]LogModuleManager: Shutting down and abandoning module LiveLinkGraphNode (424)
[2023.02.14-08.44.55:444][  0]LogModuleManager: Shutting down and abandoning module LiveLinkEditor (422)
[2023.02.14-08.44.55:444][  0]LogModuleManager: Shutting down and abandoning module LiveLinkComponents (420)
[2023.02.14-08.44.55:444][  0]LogModuleManager: Shutting down and abandoning module LiveLink (418)
[2023.02.14-08.44.56:406][  0]LogModuleManager: Shutting down and abandoning module PaperTiledImporter (416)
[2023.02.14-08.44.56:406][  0]LogModuleManager: Shutting down and abandoning module PaperSpriteSheetImporter (414)
[2023.02.14-08.44.56:406][  0]LogModuleManager: Shutting down and abandoning module Paper2DEditor (412)
[2023.02.14-08.44.56:406][  0]LogModuleManager: Shutting down and abandoning module MeshPaintingToolset (410)
[2023.02.14-08.44.56:406][  0]LogModuleManager: Shutting down and abandoning module MeshPaintEditorMode (408)
[2023.02.14-08.44.56:406][  0]LogModuleManager: Shutting down and abandoning module FunctionLibrary (406)
[2023.02.14-08.44.56:406][  0]LogModuleManager: Shutting down and abandoning module PropertyAccessNode (404)
[2023.02.14-08.44.56:406][  0]LogModuleManager: Shutting down and abandoning module AnimationSharing (402)
[2023.02.14-08.44.56:406][  0]LogModuleManager: Shutting down and abandoning module SoundFields (400)
[2023.02.14-08.44.56:406][  0]LogModuleManager: Shutting down and abandoning module SignificanceManager (398)
[2023.02.14-08.44.56:406][  0]LogModuleManager: Shutting down and abandoning module RuntimePhysXCooking (396)
[2023.02.14-08.44.56:406][  0]LogModuleManager: Shutting down and abandoning module PropertyAccessEditor (394)
[2023.02.14-08.44.56:406][  0]LogModuleManager: Shutting down and abandoning module PhysXVehiclesEditor (392)
[2023.02.14-08.44.56:407][  0]LogModuleManager: Shutting down and abandoning module LocationServicesBPLibrary (388)
[2023.02.14-08.44.56:407][  0]LogModuleManager: Shutting down and abandoning module AudioSynesthesia (386)
[2023.02.14-08.44.56:407][  0]LogModuleManager: Shutting down and abandoning module AudioSynesthesiaCore (384)
[2023.02.14-08.44.56:407][  0]LogModuleManager: Shutting down and abandoning module ActorSequence (382)
[2023.02.14-08.44.56:407][  0]LogModuleManager: Shutting down and abandoning module UdpMessaging (380)
[2023.02.14-08.44.56:407][  0]LogModuleManager: Shutting down and abandoning module TcpMessaging (378)
[2023.02.14-08.44.56:407][  0]LogModuleManager: Shutting down and abandoning module MagicLeapARPin (376)
[2023.02.14-08.44.56:407][  0]LogModuleManager: Shutting down and abandoning module MagicLeapHandMeshing (374)
[2023.02.14-08.44.56:407][  0]LogModuleManager: Shutting down and abandoning module MagicLeapSecureStorage (372)
[2023.02.14-08.44.56:407][  0]LogModuleManager: Shutting down and abandoning module MagicLeapPrivileges (370)
[2023.02.14-08.44.56:407][  0]LogModuleManager: Shutting down and abandoning module MagicLeapPlanes (368)
[2023.02.14-08.44.56:407][  0]LogMagicLeapPlanes: Planes tracker already destroyed.
[2023.02.14-08.44.56:407][  0]LogModuleManager: Shutting down and abandoning module MagicLeapImageTracker (366)
[2023.02.14-08.44.56:407][  0]LogModuleManager: Shutting down and abandoning module MagicLeapIdentity (364)
[2023.02.14-08.44.56:407][  0]LogModuleManager: Shutting down and abandoning module MagicLeapHandTracking (362)
[2023.02.14-08.44.56:407][  0]LogModuleManager: Shutting down and abandoning module MagicLeapEyeTracker (360)
[2023.02.14-08.44.56:407][  0]LogModuleManager: Shutting down and abandoning module MagicLeapController (358)
[2023.02.14-08.44.56:407][  0]LogModuleManager: Shutting down and abandoning module MagicLeapARPinImpl (356)
[2023.02.14-08.44.56:407][  0]LogModuleManager: Shutting down and abandoning module MagicLeapAR (354)
[2023.02.14-08.44.56:407][  0]LogModuleManager: Shutting down and abandoning module NiagaraAnimNotifies (352)
[2023.02.14-08.44.56:407][  0]LogModuleManager: Shutting down and abandoning module Niagara (350)
[2023.02.14-08.44.56:407][  0]LogModuleManager: Shutting down and abandoning module SignalProcessing (349)
[2023.02.14-08.44.56:407][  0]LogModuleManager: Shutting down and abandoning module NiagaraEditor (347)
[2023.02.14-08.44.56:407][  0]LogModuleManager: Shutting down and abandoning module NiagaraCore (344)
[2023.02.14-08.44.56:407][  0]LogModuleManager: Shutting down and abandoning module PythonScriptPlugin (342)
[2023.02.14-08.44.56:407][  0]LogModuleManager: Shutting down and abandoning module GameplayTagsEditor (340)
[2023.02.14-08.44.56:407][  0]LogModuleManager: Shutting down and abandoning module FacialAnimationEditor (338)
[2023.02.14-08.44.56:407][  0]LogModuleManager: Shutting down and abandoning module FacialAnimation (336)
[2023.02.14-08.44.56:407][  0]LogModuleManager: Shutting down and abandoning module DataValidation (334)
[2023.02.14-08.44.56:407][  0]LogModuleManager: Shutting down and abandoning module AssetManagerEditor (332)
[2023.02.14-08.44.56:407][  0]LogModuleManager: Shutting down and abandoning module TreeMap (331)
[2023.02.14-08.44.56:407][  0]LogModuleManager: Shutting down and abandoning module GameplayCameras (328)
[2023.02.14-08.44.56:407][  0]LogModuleManager: Shutting down and abandoning module LightPropagationVolumeRuntime (326)
[2023.02.14-08.44.56:407][  0]LogModuleManager: Shutting down and abandoning module EnvironmentQueryEditor (324)
[2023.02.14-08.44.56:407][  0]LogModuleManager: Shutting down and abandoning module Paper2D (322)
[2023.02.14-08.44.56:408][  0]LogModuleManager: Shutting down and abandoning module NetworkReplayStreaming (320)
[2023.02.14-08.44.56:408][  0]LogModuleManager: Shutting down and abandoning module PacketHandler (318)
[2023.02.14-08.44.56:408][  0]LogModuleManager: Shutting down and abandoning module ClothingSystemEditor (316)
[2023.02.14-08.44.56:408][  0]LogModuleManager: Shutting down and abandoning module ClothingSystemRuntimeNv (314)
[2023.02.14-08.44.56:408][  0]LogModuleManager: Shutting down and abandoning module MediaAssets (312)
[2023.02.14-08.44.56:408][  0]LogModuleManager: Shutting down and abandoning module Overlay (310)
[2023.02.14-08.44.56:408][  0]LogModuleManager: Shutting down and abandoning module OverlayEditor (309)
[2023.02.14-08.44.56:408][  0]LogModuleManager: Shutting down and abandoning module Blutility (306)
[2023.02.14-08.44.56:408][  0]LogModuleManager: Shutting down and abandoning module LevelEditor (305)
[2023.02.14-08.44.56:408][  0]LogModuleManager: Shutting down and abandoning module PixelInspectorModule (304)
[2023.02.14-08.44.56:408][  0]LogModuleManager: Shutting down and abandoning module CommonMenuExtensions (302)
[2023.02.14-08.44.56:408][  0]LogModuleManager: Shutting down and abandoning module MainFrame (300)
[2023.02.14-08.44.56:408][  0]LogModuleManager: Shutting down and abandoning module HotReload (299)
[2023.02.14-08.44.56:409][  0]LogModuleManager: Shutting down and abandoning module ContentBrowser (295)
[2023.02.14-08.44.56:409][  0]LogModuleManager: Shutting down and abandoning module CollectionManager (294)
[2023.02.14-08.44.56:409][  0]LogModuleManager: Shutting down and abandoning module ContentBrowserData (292)
[2023.02.14-08.44.56:409][  0]LogModuleManager: Shutting down and abandoning module IntroTutorials (288)
[2023.02.14-08.44.56:409][  0]LogModuleManager: Shutting down and abandoning module VREditor (286)
[2023.02.14-08.44.56:409][  0]LogModuleManager: Shutting down and abandoning module StringTableEditor (284)
[2023.02.14-08.44.56:409][  0]LogModuleManager: Shutting down and abandoning module GameplayTasksEditor (282)
[2023.02.14-08.44.56:409][  0]LogModuleManager: Shutting down and abandoning module BehaviorTreeEditor (280)
[2023.02.14-08.44.56:409][  0]LogModuleManager: Shutting down and abandoning module FunctionalTesting (278)
[2023.02.14-08.44.56:409][  0]LogModuleManager: Shutting down and abandoning module CollisionAnalyzer (276)
[2023.02.14-08.44.56:409][  0]LogModuleManager: Shutting down and abandoning module WorkspaceMenuStructure (275)
[2023.02.14-08.44.56:409][  0]LogModuleManager: Shutting down and abandoning module UMG (272)
[2023.02.14-08.44.56:409][  0]LogModuleManager: Shutting down and abandoning module UMGEditor (271)
[2023.02.14-08.44.56:409][  0]LogModuleManager: Shutting down and abandoning module MessageLog (269)
[2023.02.14-08.44.56:409][  0]LogModuleManager: Shutting down and abandoning module SlateReflector (264)
[2023.02.14-08.44.56:409][  0]LogModuleManager: Shutting down and abandoning module Slate (262)
[2023.02.14-08.44.56:409][  0]LogModuleManager: Shutting down and abandoning module SlateCore (260)
[2023.02.14-08.44.56:410][  0]LogModuleManager: Shutting down and abandoning module LandscapeEditorUtilities (258)
[2023.02.14-08.44.56:410][  0]LogModuleManager: Shutting down and abandoning module UnrealEd (256)
[2023.02.14-08.44.56:410][  0]LogModuleManager: Shutting down and abandoning module MRMesh (254)
[2023.02.14-08.44.56:410][  0]LogModuleManager: Shutting down and abandoning module SourceCodeAccess (252)
[2023.02.14-08.44.56:410][  0]LogModuleManager: Shutting down and abandoning module HeadMountedDisplay (250)
[2023.02.14-08.44.56:410][  0]LogModuleManager: Shutting down and abandoning module XAudio2 (248)
[2023.02.14-08.44.56:410][  0]LogModuleManager: Shutting down and abandoning module Networking (246)
[2023.02.14-08.44.56:411][  0]LogModuleManager: Shutting down and abandoning module Core (244)
[2023.02.14-08.44.56:411][  0]LogModuleManager: Shutting down and abandoning module MaterialEditor (242)
[2023.02.14-08.44.56:411][  0]LogModuleManager: Shutting down and abandoning module Settings (241)
[2023.02.14-08.44.56:411][  0]LogModuleManager: Shutting down and abandoning module MovieSceneTools (238)
[2023.02.14-08.44.56:411][  0]LogModuleManager: Shutting down and abandoning module CurveEditor (237)
[2023.02.14-08.44.56:411][  0]LogModuleManager: Shutting down and abandoning module Sequencer (235)
[2023.02.14-08.44.56:411][  0]LogModuleManager: Shutting down and abandoning module EditorStyle (234)
[2023.02.14-08.44.56:412][  0]LogModuleManager: Shutting down and abandoning module KismetCompiler (230)
[2023.02.14-08.44.56:412][  0]LogModuleManager: Shutting down and abandoning module MeshBuilder (228)
[2023.02.14-08.44.56:412][  0]LogModuleManager: Shutting down and abandoning module MeshUtilities (226)
[2023.02.14-08.44.56:412][  0]LogModuleManager: Shutting down and abandoning module MeshMergeUtilities (225)
[2023.02.14-08.44.56:412][  0]LogModuleManager: Shutting down and abandoning module MeshReductionInterface (224)
[2023.02.14-08.44.56:412][  0]LogModuleManager: Shutting down and abandoning module MeshBoneReduction (223)
[2023.02.14-08.44.56:412][  0]LogModuleManager: Shutting down and abandoning module SkeletalMeshReduction (221)
[2023.02.14-08.44.56:412][  0]LogModuleManager: Shutting down and abandoning module ProxyLODMeshReduction (219)
[2023.02.14-08.44.56:412][  0]LogModuleManager: Shutting down and abandoning module QuadricMeshReduction (217)
[2023.02.14-08.44.56:412][  0]LogModuleManager: Shutting down and abandoning module MaterialBaking (213)
[2023.02.14-08.44.56:412][  0]LogModuleManager: Shutting down and abandoning module DirectoryWatcher (209)
[2023.02.14-08.44.56:412][  0]LogModuleManager: Shutting down and abandoning module NullInstallBundleManager (206)
[2023.02.14-08.44.56:412][  0]LogModuleManager: Shutting down and abandoning module DerivedDataCache (204)
[2023.02.14-08.44.56:412][  0]LogModuleManager: Shutting down and abandoning module TargetPlatform (202)
[2023.02.14-08.44.56:412][  0]LogModuleManager: Shutting down and abandoning module VulkanShaderFormat (201)
[2023.02.14-08.44.56:412][  0]LogModuleManager: Shutting down and abandoning module ShaderFormatVectorVM (199)
[2023.02.14-08.44.56:412][  0]LogModuleManager: Shutting down and abandoning module ShaderFormatOpenGL (197)
[2023.02.14-08.44.56:412][  0]LogModuleManager: Shutting down and abandoning module ShaderFormatD3D (195)
[2023.02.14-08.44.56:412][  0]LogModuleManager: Shutting down and abandoning module MetalShaderFormat (193)
[2023.02.14-08.44.56:412][  0]LogModuleManager: Shutting down and abandoning module TextureFormatOodle (191)
[2023.02.14-08.44.56:412][  0]LogModuleManager: Shutting down and abandoning module TextureFormatUncompressed (189)
[2023.02.14-08.44.56:412][  0]LogModuleManager: Shutting down and abandoning module TextureFormatPVR (187)
[2023.02.14-08.44.56:412][  0]LogModuleManager: Shutting down and abandoning module TextureFormatETC2 (185)
[2023.02.14-08.44.56:412][  0]LogModuleManager: Shutting down and abandoning module TextureFormatDXT (183)
[2023.02.14-08.44.56:412][  0]LogModuleManager: Shutting down and abandoning module TextureFormatIntelISPCTexComp (181)
[2023.02.14-08.44.56:412][  0]LogModuleManager: Shutting down and abandoning module TextureFormatASTC (179)
[2023.02.14-08.44.56:412][  0]LogModuleManager: Shutting down and abandoning module ImageWrapper (178)
[2023.02.14-08.44.56:412][  0]LogModuleManager: Shutting down and abandoning module AudioFormatOpus (175)
[2023.02.14-08.44.56:412][  0]LogModuleManager: Shutting down and abandoning module AudioFormatOgg (173)
[2023.02.14-08.44.56:412][  0]LogModuleManager: Shutting down and abandoning module AudioFormatADPCM (171)
[2023.02.14-08.44.56:412][  0]LogModuleManager: Shutting down and abandoning module WindowsServerTargetPlatform (169)
[2023.02.14-08.44.56:412][  0]LogModuleManager: Shutting down and abandoning module WindowsClientTargetPlatform (167)
[2023.02.14-08.44.56:412][  0]LogModuleManager: Shutting down and abandoning module WindowsTargetPlatform (165)
[2023.02.14-08.44.56:412][  0]LogModuleManager: Shutting down and abandoning module WindowsNoEditorTargetPlatform (163)
[2023.02.14-08.44.56:413][  0]LogModuleManager: Shutting down and abandoning module TVOSTargetPlatform (161)
[2023.02.14-08.44.56:413][  0]LogModuleManager: Shutting down and abandoning module MacServerTargetPlatform (159)
[2023.02.14-08.44.56:413][  0]LogModuleManager: Shutting down and abandoning module MacClientTargetPlatform (157)
[2023.02.14-08.44.56:413][  0]LogModuleManager: Shutting down and abandoning module MacTargetPlatform (155)
[2023.02.14-08.44.56:413][  0]LogModuleManager: Shutting down and abandoning module MacNoEditorTargetPlatform (153)
[2023.02.14-08.44.56:413][  0]LogModuleManager: Shutting down and abandoning module LuminTargetPlatform (151)
[2023.02.14-08.44.56:413][  0]LogModuleManager: Shutting down and abandoning module LinuxAArch64ServerTargetPlatform (149)
[2023.02.14-08.44.56:414][  0]LogModuleManager: Shutting down and abandoning module LinuxAArch64ClientTargetPlatform (147)
[2023.02.14-08.44.56:414][  0]LogModuleManager: Shutting down and abandoning module LinuxAArch64NoEditorTargetPlatform (145)
[2023.02.14-08.44.56:414][  0]LogModuleManager: Shutting down and abandoning module LinuxServerTargetPlatform (143)
[2023.02.14-08.44.56:414][  0]LogModuleManager: Shutting down and abandoning module LinuxClientTargetPlatform (141)
[2023.02.14-08.44.56:414][  0]LogModuleManager: Shutting down and abandoning module LinuxNoEditorTargetPlatform (139)
[2023.02.14-08.44.56:414][  0]LogModuleManager: Shutting down and abandoning module LinuxTargetPlatform (137)
[2023.02.14-08.44.56:414][  0]LogModuleManager: Shutting down and abandoning module Messaging (135)
[2023.02.14-08.44.56:414][  0]LogModuleManager: Shutting down and abandoning module IOSTargetPlatform (133)
[2023.02.14-08.44.56:414][  0]LogModuleManager: Shutting down and abandoning module AndroidTargetPlatform (131)
[2023.02.14-08.44.56:416][  0]LogModuleManager: Shutting down and abandoning module AllDesktopTargetPlatform (129)
[2023.02.14-08.44.56:416][  0]LogModuleManager: Shutting down and abandoning module NullDrv (126)
[2023.02.14-08.44.56:416][  0]LogModuleManager: Shutting down and abandoning module PhysXCooking (124)
[2023.02.14-08.44.56:416][  0]LogModuleManager: Shutting down and abandoning module Chaos (122)
[2023.02.14-08.44.56:416][  0]LogModuleManager: Shutting down and abandoning module WindowsPlatformFeatures (120)
[2023.02.14-08.44.56:416][  0]LogModuleManager: Shutting down and abandoning module GameplayMediaEncoder (119)
[2023.02.14-08.44.56:416][  0]LogModuleManager: Shutting down and abandoning module AVEncoder (118)
[2023.02.14-08.44.56:416][  0]LogModuleManager: Shutting down and abandoning module ExampleDeviceProfileSelector (114)
[2023.02.14-08.44.56:416][  0]LogModuleManager: Shutting down and abandoning module SteamVRInputDevice (112)
[2023.02.14-08.44.56:416][  0]LogModuleManager: Shutting down and abandoning module SteamVRInput (110)
[2023.02.14-08.44.56:416][  0]LogModuleManager: Shutting down and abandoning module SteamVR (108)
[2023.02.14-08.44.56:416][  0]LogHMD: Freeing OpenVRDLLHandle.
[2023.02.14-08.44.56:417][  0]LogModuleManager: Shutting down and abandoning module OculusHMD (106)
[2023.02.14-08.44.56:417][  0]LogModuleManager: Shutting down and abandoning module PixWinPlugin (104)
[2023.02.14-08.44.56:417][  0]LogModuleManager: Shutting down and abandoning module OpenXRHandTracking (102)
[2023.02.14-08.44.56:417][  0]LogModuleManager: Shutting down and abandoning module OpenXREyeTracker (100)
[2023.02.14-08.44.56:417][  0]LogModuleManager: Shutting down and abandoning module OpenXRAR (98)
[2023.02.14-08.44.56:417][  0]LogModuleManager: Shutting down and abandoning module AugmentedReality (97)
[2023.02.14-08.44.56:417][  0]LogModuleManager: Shutting down and abandoning module OpenXRHMD (94)
[2023.02.14-08.44.56:417][  0]LogModuleManager: Shutting down and abandoning module ChunkDownloader (92)
[2023.02.14-08.44.56:417][  0]LogModuleManager: Shutting down and abandoning module LauncherChunkInstaller (90)
[2023.02.14-08.44.56:417][  0]LogModuleManager: Shutting down and abandoning module OnlineBlueprintSupport (88)
[2023.02.14-08.44.56:417][  0]LogModuleManager: Shutting down and abandoning module OnlineSubsystem (84)
[2023.02.14-08.44.56:418][  0]LogModuleManager: Shutting down and abandoning module XMPP (79)
[2023.02.14-08.44.56:418][  0]LogModuleManager: Shutting down and abandoning module WebSockets (78)
[2023.02.14-08.44.56:420][  0]LogModuleManager: Shutting down and abandoning module HTTP (75)
[2023.02.14-08.44.56:420][  0]LogHttp: Display: cleaning up 0 outstanding Http requests.
[2023.02.14-08.44.56:453][  0]LogModuleManager: Shutting down and abandoning module SSL (74)
[2023.02.14-08.44.56:454][  0]LogModuleManager: Shutting down and abandoning module WmfMedia (70)
[2023.02.14-08.44.56:455][  0]LogModuleManager: Shutting down and abandoning module Media (69)
[2023.02.14-08.44.56:456][  0]LogModuleManager: Shutting down and abandoning module MediaInfo (68)
[2023.02.14-08.44.56:456][  0]LogModuleManager: Shutting down and abandoning module ExrReaderGpu (64)
[2023.02.14-08.44.56:456][  0]LogModuleManager: Shutting down and abandoning module MLSDK (62)
[2023.02.14-08.44.56:456][  0]LogModuleManager: Shutting down and abandoning module MagicLeap (60)
[2023.02.14-08.44.56:456][  0]LogModuleManager: Shutting down and abandoning module NiagaraVertexFactories (58)
[2023.02.14-08.44.56:456][  0]LogModuleManager: Shutting down and abandoning module NiagaraShader (56)
[2023.02.14-08.44.56:456][  0]LogModuleManager: Shutting down and abandoning module ChaosCloth (54)
[2023.02.14-08.44.56:456][  0]LogModuleManager: Shutting down and abandoning module VariantManagerContent (52)
[2023.02.14-08.44.56:456][  0]LogModuleManager: Shutting down and abandoning module DatasmithContent (50)
[2023.02.14-08.44.56:456][  0]LogModuleManager: Shutting down and abandoning module AISupportModule (48)
[2023.02.14-08.44.56:456][  0]LogModuleManager: Shutting down and abandoning module PythonScriptPluginPreload (46)
[2023.02.14-08.44.56:456][  0]LogModuleManager: Shutting down and abandoning module PlatformCryptoOpenSSL (44)
[2023.02.14-08.44.56:456][  0]LogModuleManager: Shutting down and abandoning module PlatformCryptoTypes (42)
[2023.02.14-08.44.56:456][  0]LogModuleManager: Shutting down and abandoning module PlatformCrypto (40)
[2023.02.14-08.44.56:456][  0]LogModuleManager: Shutting down and abandoning module OodleDataCompressionFormat (38)
[2023.02.14-08.44.56:456][  0]LogModuleManager: Shutting down and abandoning module XGEController (36)
[2023.02.14-08.44.56:457][  0]LogXGEController: Cannot use XGE Controller as Incredibuild is not installed on this machine.
[2023.02.14-08.44.56:457][  0]LogModuleManager: Shutting down and abandoning module AnimationModifiers (34)
[2023.02.14-08.44.56:457][  0]LogModuleManager: Shutting down and abandoning module AudioEditor (32)
[2023.02.14-08.44.56:457][  0]LogModuleManager: Shutting down and abandoning module PropertyEditor (31)
[2023.02.14-08.44.56:457][  0]LogModuleManager: Shutting down and abandoning module TextureCompressor (28)
[2023.02.14-08.44.56:457][  0]LogModuleManager: Shutting down and abandoning module RenderCore (26)
[2023.02.14-08.44.56:457][  0]LogModuleManager: Shutting down and abandoning module Landscape (24)
[2023.02.14-08.44.56:457][  0]LogModuleManager: Shutting down and abandoning module SlateRHIRenderer (22)
[2023.02.14-08.44.56:457][  0]LogModuleManager: Shutting down and abandoning module AnimGraphRuntime (20)
[2023.02.14-08.44.56:457][  0]LogModuleManager: Shutting down and abandoning module Renderer (18)
[2023.02.14-08.44.56:457][  0]LogModuleManager: Shutting down and abandoning module Engine (16)
[2023.02.14-08.44.56:457][  0]LogModuleManager: Shutting down and abandoning module CoreUObject (14)
[2023.02.14-08.44.56:457][  0]LogModuleManager: Shutting down and abandoning module NetworkFile (12)
[2023.02.14-08.44.56:457][  0]LogModuleManager: Shutting down and abandoning module CookedIterativeFile (10)
[2023.02.14-08.44.56:457][  0]LogModuleManager: Shutting down and abandoning module StreamingFile (8)
[2023.02.14-08.44.56:457][  0]LogModuleManager: Shutting down and abandoning module SandboxFile (6)
[2023.02.14-08.44.56:457][  0]LogModuleManager: Shutting down and abandoning module PakFile (4)
[2023.02.14-08.44.56:457][  0]LogModuleManager: Shutting down and abandoning module RSA (3)
[2023.02.14-08.44.56:815][  0]LogContentStreaming: Display: There are 1 unreleased StreamingManagers
[2023.02.14-08.44.56:820][  0]LogExit: Exiting.
[2023.02.14-08.44.56:928][  0]Log file closed, 02/14/23 09:44:56
